16:03:53:+02:00 [Information] [] : Getting the motors running... { ThreadId: 1, Application: "CustomTemplate" } 
16:03:54:+02:00 [Information] [] : https GET localhost:5001/  { SourceContext: "lug.Middleware.Request.RequestResponseLoggingMiddleware", RequestId: "0HLLMLBG4FPHL:00000001", RequestPath: "/", CorrelationId: null, ConnectionId: "0HLLMLBG4FPHL", ThreadId: 10, Application: "CustomTemplate" } 
16:03:54:+02:00 [Information] [] : Response:  { SourceContext: "lug.Middleware.Request.RequestResponseLoggingMiddleware", RequestId: "0HLLMLBG4FPHL:00000001", RequestPath: "/", CorrelationId: null, ConnectionId: "0HLLMLBG4FPHL", ThreadId: 10, Application: "CustomTemplate" } 
16:03:54:+02:00 [Information] [] : HTTP "GET" "/" responded 404 in 34.0523 ms { SourceContext: "lug.Middleware.Log.SerilogMiddleware", RequestId: "0HLLMLBG4FPHL:00000001", CorrelationId: null, ConnectionId: "0HLLMLBG4FPHL", ThreadId: 10, Application: "CustomTemplate" } 
16:35:56:+02:00 [Information] [] : Getting the motors running... { ThreadId: 1, Application: "CustomTemplate" } 
16:35:58:+02:00 [Information] [] : https GET localhost:5001/  { SourceContext: "lug.Middleware.Request.RequestResponseLoggingMiddleware", RequestId: "0HLLMLTDJ37DF:00000001", RequestPath: "/", CorrelationId: null, ConnectionId: "0HLLMLTDJ37DF", ThreadId: 10, Application: "CustomTemplate" } 
16:35:58:+02:00 [Information] [] : Response:  { SourceContext: "lug.Middleware.Request.RequestResponseLoggingMiddleware", RequestId: "0HLLMLTDJ37DF:00000001", RequestPath: "/", CorrelationId: null, ConnectionId: "0HLLMLTDJ37DF", ThreadId: 10, Application: "CustomTemplate" } 
16:35:58:+02:00 [Information] [] : HTTP "GET" "/" responded 404 in 34.2217 ms { SourceContext: "lug.Middleware.Log.SerilogMiddleware", RequestId: "0HLLMLTDJ37DF:00000001", CorrelationId: null, ConnectionId: "0HLLMLTDJ37DF", ThreadId: 10, Application: "CustomTemplate" } 
16:38:10:+02:00 [Information] [] : https POST localhost:5001/token , Body : {
	"refresh_token": "eyJhbGciOiJIUzI1NiIsInR5cCI6IkpXVCJ9.eyJ1bmlxdWVfbmFtZSI6ImZjb2xsb25nZSIsIm5hbWVpZCI6IjE1NWYxNGVhLTNkMGEtNGFkYy04MmNlLTM0MjNmZGZlZjVhNSIsImh0dHA6Ly9zY2hlbWFzLnhtbHNvYXAub3JnL3dzLzIwMDUvMDUvaWRlbnRpdHkvY2xhaW1zL3NwbiI6ImFnZW5jeSIsImh0dHA6Ly9zY2hlbWFzLnhtbHNvYXAub3JnL3dzLzIwMDUvMDUvaWRlbnRpdHkvY2xhaW1zL3NpZCI6IjU2Nzg0MzQ4LTQ1YjQtNDhmMS1hMjQ1LTEyZjVkNGEwNGEwNSIsInJvbGUiOlsiZ2V0QWdlbmN5QWNjb3VudCIsImdldENhbmRpZGF0ZUFjY291bnQiLCJnZXRDb21wYW55QWNjb3VudCIsImxpc3RBZ2VuY3lBY2NvdW50cyIsImxpc3RDYW5kaWRhdGVBY2NvdW50cyIsImxpc3RDb21wYW55QWNjb3VudHMiLCJwb3N0QWdlbmN5QWNjb3VudCIsInBvc3RDYW5kaWRhdGVBY2NvdW50IiwicG9zdENvbXBhbnlBY2NvdW50Il0sIm5iZiI6MTU1NDEyODg0NSwiZXhwIjoxNTU0MTU3NjQ1LCJpYXQiOjE1NTQxMjg4NDUsImlzcyI6Imh0dHA6Ly9kZXYubGVhcm4tdmlydHVhbC5jb20iLCJhdWQiOiJHYXJkYSJ9.0ufjRkKKi3glbrOAqOEMON-MEKBA8SqfrRck0BRI1Xo",
  "grant_type": "refresh_token",
  "userId": "155f14ea-3d0a-4adc-82ce-3423fdfef5a5",
  "client_id": "56784348-45b4-48f1-a245-12f5d4a04a05",
  "client_secret": "73c18669-0282-45d8-82c5-d7a29ede9400"
}
 { SourceContext: "lug.Middleware.Request.RequestResponseLoggingMiddleware", RequestId: "0HLLMLTDJ37DG:00000001", RequestPath: "/token", CorrelationId: null, ConnectionId: "0HLLMLTDJ37DG", ThreadId: 17, Application: "CustomTemplate" } 
16:38:11:+02:00 [Error] [] : An error occurred using the connection to database '"garda"' on server '"tcp://127.0.0.1:5432"'. { EventId: { Id: 20004, Name: "Microsoft.EntityFrameworkCore.Database.Connection.ConnectionError" }, SourceContext: "Microsoft.EntityFrameworkCore.Database.Connection", ActionId: "1c3fa89c-131b-41dd-8a57-4bf7a3da8102", ActionName: "garda.Controllers.Token.TokenController.RefreshToken (garda)", RequestId: "0HLLMLTDJ37DG:00000001", RequestPath: "/token", CorrelationId: null, ConnectionId: "0HLLMLTDJ37DG", OperationId: 9660e2da-8388-464e-b6ef-1a290b2e118c, ThreadId: 17, Application: "CustomTemplate" } 
System.Net.Sockets.SocketException (111): Connection refused
   at Npgsql.NpgsqlConnector.Connect(NpgsqlTimeout timeout) in C:\projects\npgsql\src\Npgsql\NpgsqlConnector.cs:line 703
   at Npgsql.NpgsqlConnector.RawOpen(NpgsqlTimeout timeout, Boolean async, CancellationToken cancellationToken) in C:\projects\npgsql\src\Npgsql\NpgsqlConnector.cs:line 555
   at Npgsql.NpgsqlConnector.Open(NpgsqlTimeout timeout, Boolean async, CancellationToken cancellationToken) in C:\projects\npgsql\src\Npgsql\NpgsqlConnector.cs:line 414
   at Npgsql.ConnectorPool.AllocateLong(NpgsqlConnection conn, NpgsqlTimeout timeout, Boolean async, CancellationToken cancellationToken) in C:\projects\npgsql\src\Npgsql\ConnectorPool.cs:line 246
   at Npgsql.NpgsqlConnection.<>c__DisplayClass32_0.<<Open>g__OpenLong|0>d.MoveNext() in C:\projects\npgsql\src\Npgsql\NpgsqlConnection.cs:line 298
--- End of stack trace from previous location where exception was thrown ---
   at Npgsql.NpgsqlConnection.Open() in C:\projects\npgsql\src\Npgsql\NpgsqlConnection.cs:line 153
   at Microsoft.EntityFrameworkCore.Storage.RelationalConnection.OpenDbConnection(Boolean errorsExpected)
   at Microsoft.EntityFrameworkCore.Storage.RelationalConnection.Open(Boolean errorsExpected)
   at Microsoft.EntityFrameworkCore.Query.Internal.QueryingEnumerable`1.Enumerator.BufferlessMoveNext(DbContext _, Boolean buffer)
   at Npgsql.EntityFrameworkCore.PostgreSQL.Storage.Internal.NpgsqlExecutionStrategy.Execute[TState,TResult](TState state, Func`3 operation, Func`3 verifySucceeded) in C:\projects\EFCore.PG\src\EFCore.PG\Storage\Internal\NpgsqlExecutionStrategy.cs:line 51
   at Microsoft.EntityFrameworkCore.Query.Internal.QueryingEnumerable`1.Enumerator.MoveNext()
   at Microsoft.EntityFrameworkCore.Query.QueryMethodProvider.GetResult[TResult](IEnumerable`1 valueBuffers, Boolean throwOnNullResult)
   at Microsoft.EntityFrameworkCore.Query.Internal.LinqOperatorProvider.ResultEnumerable`1.GetEnumerator()
   at Microsoft.EntityFrameworkCore.Query.Internal.LinqOperatorProvider.ExceptionInterceptor`1.EnumeratorExceptionInterceptor.MoveNext()
16:38:11:+02:00 [Error] [] : An exception occurred while iterating over the results of a query for context type '"garda.Models.Context.ClientContext.ClientAppDbContext"'."
""System.Net.Sockets.SocketException (111): Connection refused
   at Npgsql.NpgsqlConnector.Connect(NpgsqlTimeout timeout) in C:\projects\npgsql\src\Npgsql\NpgsqlConnector.cs:line 703
   at Npgsql.NpgsqlConnector.RawOpen(NpgsqlTimeout timeout, Boolean async, CancellationToken cancellationToken) in C:\projects\npgsql\src\Npgsql\NpgsqlConnector.cs:line 555
   at Npgsql.NpgsqlConnector.Open(NpgsqlTimeout timeout, Boolean async, CancellationToken cancellationToken) in C:\projects\npgsql\src\Npgsql\NpgsqlConnector.cs:line 414
   at Npgsql.ConnectorPool.AllocateLong(NpgsqlConnection conn, NpgsqlTimeout timeout, Boolean async, CancellationToken cancellationToken) in C:\projects\npgsql\src\Npgsql\ConnectorPool.cs:line 246
   at Npgsql.NpgsqlConnection.<>c__DisplayClass32_0.<<Open>g__OpenLong|0>d.MoveNext() in C:\projects\npgsql\src\Npgsql\NpgsqlConnection.cs:line 298
--- End of stack trace from previous location where exception was thrown ---
   at Npgsql.NpgsqlConnection.Open() in C:\projects\npgsql\src\Npgsql\NpgsqlConnection.cs:line 153
   at Microsoft.EntityFrameworkCore.Storage.RelationalConnection.OpenDbConnection(Boolean errorsExpected)
   at Microsoft.EntityFrameworkCore.Storage.RelationalConnection.Open(Boolean errorsExpected)
   at Microsoft.EntityFrameworkCore.Query.Internal.QueryingEnumerable`1.Enumerator.BufferlessMoveNext(DbContext _, Boolean buffer)
   at Npgsql.EntityFrameworkCore.PostgreSQL.Storage.Internal.NpgsqlExecutionStrategy.Execute[TState,TResult](TState state, Func`3 operation, Func`3 verifySucceeded) in C:\projects\EFCore.PG\src\EFCore.PG\Storage\Internal\NpgsqlExecutionStrategy.cs:line 51
   at Microsoft.EntityFrameworkCore.Query.Internal.QueryingEnumerable`1.Enumerator.MoveNext()
   at Microsoft.EntityFrameworkCore.Query.QueryMethodProvider.GetResult[TResult](IEnumerable`1 valueBuffers, Boolean throwOnNullResult)
   at Microsoft.EntityFrameworkCore.Query.Internal.LinqOperatorProvider.ResultEnumerable`1.GetEnumerator()
   at Microsoft.EntityFrameworkCore.Query.Internal.LinqOperatorProvider.ExceptionInterceptor`1.EnumeratorExceptionInterceptor.MoveNext()" { EventId: { Id: 10100, Name: "Microsoft.EntityFrameworkCore.Query.QueryIterationFailed" }, SourceContext: "Microsoft.EntityFrameworkCore.Query", ActionId: "1c3fa89c-131b-41dd-8a57-4bf7a3da8102", ActionName: "garda.Controllers.Token.TokenController.RefreshToken (garda)", RequestId: "0HLLMLTDJ37DG:00000001", RequestPath: "/token", CorrelationId: null, ConnectionId: "0HLLMLTDJ37DG", OperationId: 9660e2da-8388-464e-b6ef-1a290b2e118c, ThreadId: 17, Application: "CustomTemplate" } 
System.Net.Sockets.SocketException (111): Connection refused
   at Npgsql.NpgsqlConnector.Connect(NpgsqlTimeout timeout) in C:\projects\npgsql\src\Npgsql\NpgsqlConnector.cs:line 703
   at Npgsql.NpgsqlConnector.RawOpen(NpgsqlTimeout timeout, Boolean async, CancellationToken cancellationToken) in C:\projects\npgsql\src\Npgsql\NpgsqlConnector.cs:line 555
   at Npgsql.NpgsqlConnector.Open(NpgsqlTimeout timeout, Boolean async, CancellationToken cancellationToken) in C:\projects\npgsql\src\Npgsql\NpgsqlConnector.cs:line 414
   at Npgsql.ConnectorPool.AllocateLong(NpgsqlConnection conn, NpgsqlTimeout timeout, Boolean async, CancellationToken cancellationToken) in C:\projects\npgsql\src\Npgsql\ConnectorPool.cs:line 246
   at Npgsql.NpgsqlConnection.<>c__DisplayClass32_0.<<Open>g__OpenLong|0>d.MoveNext() in C:\projects\npgsql\src\Npgsql\NpgsqlConnection.cs:line 298
--- End of stack trace from previous location where exception was thrown ---
   at Npgsql.NpgsqlConnection.Open() in C:\projects\npgsql\src\Npgsql\NpgsqlConnection.cs:line 153
   at Microsoft.EntityFrameworkCore.Storage.RelationalConnection.OpenDbConnection(Boolean errorsExpected)
   at Microsoft.EntityFrameworkCore.Storage.RelationalConnection.Open(Boolean errorsExpected)
   at Microsoft.EntityFrameworkCore.Query.Internal.QueryingEnumerable`1.Enumerator.BufferlessMoveNext(DbContext _, Boolean buffer)
   at Npgsql.EntityFrameworkCore.PostgreSQL.Storage.Internal.NpgsqlExecutionStrategy.Execute[TState,TResult](TState state, Func`3 operation, Func`3 verifySucceeded) in C:\projects\EFCore.PG\src\EFCore.PG\Storage\Internal\NpgsqlExecutionStrategy.cs:line 51
   at Microsoft.EntityFrameworkCore.Query.Internal.QueryingEnumerable`1.Enumerator.MoveNext()
   at Microsoft.EntityFrameworkCore.Query.QueryMethodProvider.GetResult[TResult](IEnumerable`1 valueBuffers, Boolean throwOnNullResult)
   at Microsoft.EntityFrameworkCore.Query.Internal.LinqOperatorProvider.ResultEnumerable`1.GetEnumerator()
   at Microsoft.EntityFrameworkCore.Query.Internal.LinqOperatorProvider.ExceptionInterceptor`1.EnumeratorExceptionInterceptor.MoveNext()
   at System.Linq.Enumerable.TryGetFirst[TSource](IEnumerable`1 source, Boolean& found)
   at System.Linq.Enumerable.First[TSource](IEnumerable`1 source)
16:38:11:+02:00 [Error] [] : An exception occurred while iterating over the results of a query for context type '"garda.Models.Context.ClientContext.ClientAppDbContext"'."
""System.Net.Sockets.SocketException (111): Connection refused
   at Npgsql.NpgsqlConnector.Connect(NpgsqlTimeout timeout) in C:\projects\npgsql\src\Npgsql\NpgsqlConnector.cs:line 703
   at Npgsql.NpgsqlConnector.RawOpen(NpgsqlTimeout timeout, Boolean async, CancellationToken cancellationToken) in C:\projects\npgsql\src\Npgsql\NpgsqlConnector.cs:line 555
   at Npgsql.NpgsqlConnector.Open(NpgsqlTimeout timeout, Boolean async, CancellationToken cancellationToken) in C:\projects\npgsql\src\Npgsql\NpgsqlConnector.cs:line 414
   at Npgsql.ConnectorPool.AllocateLong(NpgsqlConnection conn, NpgsqlTimeout timeout, Boolean async, CancellationToken cancellationToken) in C:\projects\npgsql\src\Npgsql\ConnectorPool.cs:line 246
   at Npgsql.NpgsqlConnection.<>c__DisplayClass32_0.<<Open>g__OpenLong|0>d.MoveNext() in C:\projects\npgsql\src\Npgsql\NpgsqlConnection.cs:line 298
--- End of stack trace from previous location where exception was thrown ---
   at Npgsql.NpgsqlConnection.Open() in C:\projects\npgsql\src\Npgsql\NpgsqlConnection.cs:line 153
   at Microsoft.EntityFrameworkCore.Storage.RelationalConnection.OpenDbConnection(Boolean errorsExpected)
   at Microsoft.EntityFrameworkCore.Storage.RelationalConnection.Open(Boolean errorsExpected)
   at Microsoft.EntityFrameworkCore.Query.Internal.QueryingEnumerable`1.Enumerator.BufferlessMoveNext(DbContext _, Boolean buffer)
   at Npgsql.EntityFrameworkCore.PostgreSQL.Storage.Internal.NpgsqlExecutionStrategy.Execute[TState,TResult](TState state, Func`3 operation, Func`3 verifySucceeded) in C:\projects\EFCore.PG\src\EFCore.PG\Storage\Internal\NpgsqlExecutionStrategy.cs:line 51
   at Microsoft.EntityFrameworkCore.Query.Internal.QueryingEnumerable`1.Enumerator.MoveNext()
   at Microsoft.EntityFrameworkCore.Query.QueryMethodProvider.GetResult[TResult](IEnumerable`1 valueBuffers, Boolean throwOnNullResult)
   at Microsoft.EntityFrameworkCore.Query.Internal.LinqOperatorProvider.ResultEnumerable`1.GetEnumerator()
   at Microsoft.EntityFrameworkCore.Query.Internal.LinqOperatorProvider.ExceptionInterceptor`1.EnumeratorExceptionInterceptor.MoveNext()
   at System.Linq.Enumerable.TryGetFirst[TSource](IEnumerable`1 source, Boolean& found)
   at System.Linq.Enumerable.First[TSource](IEnumerable`1 source)
   at Microsoft.EntityFrameworkCore.Query.Internal.QueryCompiler.<>c__DisplayClass15_1`1.<CompileQueryCore>b__0(QueryContext qc)" { EventId: { Id: 10100, Name: "Microsoft.EntityFrameworkCore.Query.QueryIterationFailed" }, SourceContext: "Microsoft.EntityFrameworkCore.Query", ActionId: "1c3fa89c-131b-41dd-8a57-4bf7a3da8102", ActionName: "garda.Controllers.Token.TokenController.RefreshToken (garda)", RequestId: "0HLLMLTDJ37DG:00000001", RequestPath: "/token", CorrelationId: null, ConnectionId: "0HLLMLTDJ37DG", OperationId: 9660e2da-8388-464e-b6ef-1a290b2e118c, ThreadId: 17, Application: "CustomTemplate" } 
System.Net.Sockets.SocketException (111): Connection refused
   at Npgsql.NpgsqlConnector.Connect(NpgsqlTimeout timeout) in C:\projects\npgsql\src\Npgsql\NpgsqlConnector.cs:line 703
   at Npgsql.NpgsqlConnector.RawOpen(NpgsqlTimeout timeout, Boolean async, CancellationToken cancellationToken) in C:\projects\npgsql\src\Npgsql\NpgsqlConnector.cs:line 555
   at Npgsql.NpgsqlConnector.Open(NpgsqlTimeout timeout, Boolean async, CancellationToken cancellationToken) in C:\projects\npgsql\src\Npgsql\NpgsqlConnector.cs:line 414
   at Npgsql.ConnectorPool.AllocateLong(NpgsqlConnection conn, NpgsqlTimeout timeout, Boolean async, CancellationToken cancellationToken) in C:\projects\npgsql\src\Npgsql\ConnectorPool.cs:line 246
   at Npgsql.NpgsqlConnection.<>c__DisplayClass32_0.<<Open>g__OpenLong|0>d.MoveNext() in C:\projects\npgsql\src\Npgsql\NpgsqlConnection.cs:line 298
--- End of stack trace from previous location where exception was thrown ---
   at Npgsql.NpgsqlConnection.Open() in C:\projects\npgsql\src\Npgsql\NpgsqlConnection.cs:line 153
   at Microsoft.EntityFrameworkCore.Storage.RelationalConnection.OpenDbConnection(Boolean errorsExpected)
   at Microsoft.EntityFrameworkCore.Storage.RelationalConnection.Open(Boolean errorsExpected)
   at Microsoft.EntityFrameworkCore.Query.Internal.QueryingEnumerable`1.Enumerator.BufferlessMoveNext(DbContext _, Boolean buffer)
   at Npgsql.EntityFrameworkCore.PostgreSQL.Storage.Internal.NpgsqlExecutionStrategy.Execute[TState,TResult](TState state, Func`3 operation, Func`3 verifySucceeded) in C:\projects\EFCore.PG\src\EFCore.PG\Storage\Internal\NpgsqlExecutionStrategy.cs:line 51
   at Microsoft.EntityFrameworkCore.Query.Internal.QueryingEnumerable`1.Enumerator.MoveNext()
   at Microsoft.EntityFrameworkCore.Query.QueryMethodProvider.GetResult[TResult](IEnumerable`1 valueBuffers, Boolean throwOnNullResult)
   at Microsoft.EntityFrameworkCore.Query.Internal.LinqOperatorProvider.ResultEnumerable`1.GetEnumerator()
   at Microsoft.EntityFrameworkCore.Query.Internal.LinqOperatorProvider.ExceptionInterceptor`1.EnumeratorExceptionInterceptor.MoveNext()
   at System.Linq.Enumerable.TryGetFirst[TSource](IEnumerable`1 source, Boolean& found)
   at System.Linq.Enumerable.First[TSource](IEnumerable`1 source)
   at Microsoft.EntityFrameworkCore.Query.Internal.QueryCompiler.<>c__DisplayClass15_1`1.<CompileQueryCore>b__0(QueryContext qc)
16:38:12:+02:00 [Warning] [] : Récupération de l'application cliente "56784348-45b4-48f1-a245-12f5d4a04a05"} "abandoned" in 883.7 ms { OperationId: 9660e2da-8388-464e-b6ef-1a290b2e118c, CorrelationId: "94edfa51-c51e-4119-858e-63d5504b8702", ActionId: "1c3fa89c-131b-41dd-8a57-4bf7a3da8102", ActionName: "garda.Controllers.Token.TokenController.RefreshToken (garda)", RequestId: "0HLLMLTDJ37DG:00000001", RequestPath: "/token", ConnectionId: "0HLLMLTDJ37DG", ThreadId: 17, Application: "CustomTemplate" } 
16:38:12:+02:00 [Warning] [] : Récupération de l'application consommatrice "56784348-45b4-48f1-a245-12f5d4a04a05" "abandoned" in 893.6 ms { OperationId: 708c4a7c-f99a-4b84-b9dc-35b9def7f277, CorrelationId: "94edfa51-c51e-4119-858e-63d5504b8702", ActionId: "1c3fa89c-131b-41dd-8a57-4bf7a3da8102", ActionName: "garda.Controllers.Token.TokenController.RefreshToken (garda)", RequestId: "0HLLMLTDJ37DG:00000001", RequestPath: "/token", ConnectionId: "0HLLMLTDJ37DG", ThreadId: 17, Application: "CustomTemplate" } 
16:38:12:+02:00 [Information] [] : Demande de rafraichissement de token "completed" in 894.5 ms { OperationId: 20de04c5-5f74-48d3-a8f5-c25b4854ddc0, CorrelationId: "94edfa51-c51e-4119-858e-63d5504b8702", ActionId: "1c3fa89c-131b-41dd-8a57-4bf7a3da8102", ActionName: "garda.Controllers.Token.TokenController.RefreshToken (garda)", RequestId: "0HLLMLTDJ37DG:00000001", RequestPath: "/token", ConnectionId: "0HLLMLTDJ37DG", ThreadId: 17, Application: "CustomTemplate" } 
16:38:12:+02:00 [Information] [] : Erreur lors de l'éxécution : ServiceUnavailable Connection refused    at Npgsql.NpgsqlConnector.Connect(NpgsqlTimeout timeout) in C:\projects\npgsql\src\Npgsql\NpgsqlConnector.cs:line 703
   at Npgsql.NpgsqlConnector.RawOpen(NpgsqlTimeout timeout, Boolean async, CancellationToken cancellationToken) in C:\projects\npgsql\src\Npgsql\NpgsqlConnector.cs:line 555
   at Npgsql.NpgsqlConnector.Open(NpgsqlTimeout timeout, Boolean async, CancellationToken cancellationToken) in C:\projects\npgsql\src\Npgsql\NpgsqlConnector.cs:line 414
   at Npgsql.ConnectorPool.AllocateLong(NpgsqlConnection conn, NpgsqlTimeout timeout, Boolean async, CancellationToken cancellationToken) in C:\projects\npgsql\src\Npgsql\ConnectorPool.cs:line 246
   at Npgsql.NpgsqlConnection.<>c__DisplayClass32_0.<<Open>g__OpenLong|0>d.MoveNext() in C:\projects\npgsql\src\Npgsql\NpgsqlConnection.cs:line 298
--- End of stack trace from previous location where exception was thrown ---
   at Npgsql.NpgsqlConnection.Open() in C:\projects\npgsql\src\Npgsql\NpgsqlConnection.cs:line 153
   at Microsoft.EntityFrameworkCore.Storage.RelationalConnection.OpenDbConnection(Boolean errorsExpected)
   at Microsoft.EntityFrameworkCore.Storage.RelationalConnection.Open(Boolean errorsExpected)
   at Microsoft.EntityFrameworkCore.Query.Internal.QueryingEnumerable`1.Enumerator.BufferlessMoveNext(DbContext _, Boolean buffer)
   at Npgsql.EntityFrameworkCore.PostgreSQL.Storage.Internal.NpgsqlExecutionStrategy.Execute[TState,TResult](TState state, Func`3 operation, Func`3 verifySucceeded) in C:\projects\EFCore.PG\src\EFCore.PG\Storage\Internal\NpgsqlExecutionStrategy.cs:line 51
   at Microsoft.EntityFrameworkCore.Query.Internal.QueryingEnumerable`1.Enumerator.MoveNext()
   at Microsoft.EntityFrameworkCore.Query.QueryMethodProvider.GetResult[TResult](IEnumerable`1 valueBuffers, Boolean throwOnNullResult)
   at Microsoft.EntityFrameworkCore.Query.Internal.LinqOperatorProvider.ResultEnumerable`1.GetEnumerator()
   at Microsoft.EntityFrameworkCore.Query.Internal.LinqOperatorProvider.ExceptionInterceptor`1.EnumeratorExceptionInterceptor.MoveNext()
   at System.Linq.Enumerable.TryGetFirst[TSource](IEnumerable`1 source, Boolean& found)
   at System.Linq.Enumerable.First[TSource](IEnumerable`1 source)
   at Microsoft.EntityFrameworkCore.Query.Internal.QueryCompiler.<>c__DisplayClass15_1`1.<CompileQueryCore>b__0(QueryContext qc)
   at System.Linq.Queryable.Any[TSource](IQueryable`1 source)
   at garda.Query.GardaQueryHandler.GetClientApp(ClientAppDbContext clientAppContext, String clientId, String clientSecret) in /mnt/partage/Commun/Workspaces/Garda/Models/com/virtual/learn/data/handler/GardaQueryHandler.cs:line 52
   at garda.Controllers.GardaController.CheckClientApp(ClientAppDbContext clientAppDbContext, String clientId, String clientSecret) in /mnt/partage/Commun/Workspaces/Garda/Controllers/com/virtual/learn/controller/GardaController.cs:line 43
   at garda.Controllers.Token.TokenController.RefreshToken(TokenRequest tokenRequest) in /mnt/partage/Commun/Workspaces/Garda/Controllers/com/virtual/learn/controller/token/TokenController.cs:line 45
   at lambda_method(Closure , Object , Object[] )
   at Microsoft.Extensions.Internal.ObjectMethodExecutor.Execute(Object target, Object[] parameters)
   at Microsoft.AspNetCore.Mvc.Internal.ActionMethodExecutor.SyncActionResultExecutor.Execute(IActionResultTypeMapper mapper, ObjectMethodExecutor executor, Object controller, Object[] arguments)
   at Microsoft.AspNetCore.Mvc.Internal.ControllerActionInvoker.InvokeActionMethodAsync()
   at Microsoft.AspNetCore.Mvc.Internal.ControllerActionInvoker.InvokeNextActionFilterAsync()
   at Microsoft.AspNetCore.Mvc.Internal.ControllerActionInvoker.Rethrow(ActionExecutedContext context)
   at Microsoft.AspNetCore.Mvc.Internal.ControllerActionInvoker.Next(State& next, Scope& scope, Object& state, Boolean& isCompleted)
   at Microsoft.AspNetCore.Mvc.Internal.ControllerActionInvoker.InvokeInnerFilterAsync()
   at Microsoft.AspNetCore.Mvc.Internal.ResourceInvoker.InvokeNextExceptionFilterAsync() { SourceContext: "garda.Exception.Filter.CustomExceptionFilter", ActionId: "1c3fa89c-131b-41dd-8a57-4bf7a3da8102", ActionName: "garda.Controllers.Token.TokenController.RefreshToken (garda)", RequestId: "0HLLMLTDJ37DG:00000001", RequestPath: "/token", CorrelationId: null, ConnectionId: "0HLLMLTDJ37DG", ThreadId: 17, Application: "CustomTemplate" } 
16:38:12:+02:00 [Information] [] : Response: Connection refused    at Npgsql.NpgsqlConnector.Connect(NpgsqlTimeout timeout) in C:\projects\npgsql\src\Npgsql\NpgsqlConnector.cs:line 703
   at Npgsql.NpgsqlConnector.RawOpen(NpgsqlTimeout timeout, Boolean async, CancellationToken cancellationToken) in C:\projects\npgsql\src\Npgsql\NpgsqlConnector.cs:line 555
   at Npgsql.NpgsqlConnector.Open(NpgsqlTimeout timeout, Boolean async, CancellationToken cancellationToken) in C:\projects\npgsql\src\Npgsql\NpgsqlConnector.cs:line 414
   at Npgsql.ConnectorPool.AllocateLong(NpgsqlConnection conn, NpgsqlTimeout timeout, Boolean async, CancellationToken cancellationToken) in C:\projects\npgsql\src\Npgsql\ConnectorPool.cs:line 246
   at Npgsql.NpgsqlConnection.<>c__DisplayClass32_0.<<Open>g__OpenLong|0>d.MoveNext() in C:\projects\npgsql\src\Npgsql\NpgsqlConnection.cs:line 298
--- End of stack trace from previous location where exception was thrown ---
   at Npgsql.NpgsqlConnection.Open() in C:\projects\npgsql\src\Npgsql\NpgsqlConnection.cs:line 153
   at Microsoft.EntityFrameworkCore.Storage.RelationalConnection.OpenDbConnection(Boolean errorsExpected)
   at Microsoft.EntityFrameworkCore.Storage.RelationalConnection.Open(Boolean errorsExpected)
   at Microsoft.EntityFrameworkCore.Query.Internal.QueryingEnumerable`1.Enumerator.BufferlessMoveNext(DbContext _, Boolean buffer)
   at Npgsql.EntityFrameworkCore.PostgreSQL.Storage.Internal.NpgsqlExecutionStrategy.Execute[TState,TResult](TState state, Func`3 operation, Func`3 verifySucceeded) in C:\projects\EFCore.PG\src\EFCore.PG\Storage\Internal\NpgsqlExecutionStrategy.cs:line 51
   at Microsoft.EntityFrameworkCore.Query.Internal.QueryingEnumerable`1.Enumerator.MoveNext()
   at Microsoft.EntityFrameworkCore.Query.QueryMethodProvider.GetResult[TResult](IEnumerable`1 valueBuffers, Boolean throwOnNullResult)
   at Microsoft.EntityFrameworkCore.Query.Internal.LinqOperatorProvider.ResultEnumerable`1.GetEnumerator()
   at Microsoft.EntityFrameworkCore.Query.Internal.LinqOperatorProvider.ExceptionInterceptor`1.EnumeratorExceptionInterceptor.MoveNext()
   at System.Linq.Enumerable.TryGetFirst[TSource](IEnumerable`1 source, Boolean& found)
   at System.Linq.Enumerable.First[TSource](IEnumerable`1 source)
   at Microsoft.EntityFrameworkCore.Query.Internal.QueryCompiler.<>c__DisplayClass15_1`1.<CompileQueryCore>b__0(QueryContext qc)
   at System.Linq.Queryable.Any[TSource](IQueryable`1 source)
   at garda.Query.GardaQueryHandler.GetClientApp(ClientAppDbContext clientAppContext, String clientId, String clientSecret) in /mnt/partage/Commun/Workspaces/Garda/Models/com/virtual/learn/data/handler/GardaQueryHandler.cs:line 52
   at garda.Controllers.GardaController.CheckClientApp(ClientAppDbContext clientAppDbContext, String clientId, String clientSecret) in /mnt/partage/Commun/Workspaces/Garda/Controllers/com/virtual/learn/controller/GardaController.cs:line 43
   at garda.Controllers.Token.TokenController.RefreshToken(TokenRequest tokenRequest) in /mnt/partage/Commun/Workspaces/Garda/Controllers/com/virtual/learn/controller/token/TokenController.cs:line 45
   at lambda_method(Closure , Object , Object[] )
   at Microsoft.Extensions.Internal.ObjectMethodExecutor.Execute(Object target, Object[] parameters)
   at Microsoft.AspNetCore.Mvc.Internal.ActionMethodExecutor.SyncActionResultExecutor.Execute(IActionResultTypeMapper mapper, ObjectMethodExecutor executor, Object controller, Object[] arguments)
   at Microsoft.AspNetCore.Mvc.Internal.ControllerActionInvoker.InvokeActionMethodAsync()
   at Microsoft.AspNetCore.Mvc.Internal.ControllerActionInvoker.InvokeNextActionFilterAsync()
   at Microsoft.AspNetCore.Mvc.Internal.ControllerActionInvoker.Rethrow(ActionExecutedContext context)
   at Microsoft.AspNetCore.Mvc.Internal.ControllerActionInvoker.Next(State& next, Scope& scope, Object& state, Boolean& isCompleted)
   at Microsoft.AspNetCore.Mvc.Internal.ControllerActionInvoker.InvokeInnerFilterAsync()
   at Microsoft.AspNetCore.Mvc.Internal.ResourceInvoker.InvokeNextExceptionFilterAsync() { SourceContext: "lug.Middleware.Request.RequestResponseLoggingMiddleware", RequestId: "0HLLMLTDJ37DG:00000001", RequestPath: "/token", CorrelationId: null, ConnectionId: "0HLLMLTDJ37DG", ThreadId: 17, Application: "CustomTemplate" } 
16:38:12:+02:00 [Error] [] : HTTP "POST" "/token" responded 503 in 1249.4399 ms { RequestProtocol: "HTTP/1.1", RequestHost: "localhost:5001", RequestHeaders: [("Connection": "Keep-Alive"), ("Content-Type": "application/json"), ("Accept-Encoding": "gzip,deflate"), ("Host": "localhost:5001"), ("User-Agent": "Apache-HttpClient/4.1.1 (java 1.5)"), ("Content-Length": "1033")], SourceContext: "lug.Middleware.Log.SerilogMiddleware", RequestId: "0HLLMLTDJ37DG:00000001", CorrelationId: null, ConnectionId: "0HLLMLTDJ37DG", ThreadId: 17, Application: "CustomTemplate" } 
16:40:20:+02:00 [Information] [] : https POST localhost:5001/token , Body : {
	"refresh_token": "eyJhbGciOiJIUzI1NiIsInR5cCI6IkpXVCJ9.eyJ1bmlxdWVfbmFtZSI6ImZjb2xsb25nZSIsIm5hbWVpZCI6IjE1NWYxNGVhLTNkMGEtNGFkYy04MmNlLTM0MjNmZGZlZjVhNSIsImh0dHA6Ly9zY2hlbWFzLnhtbHNvYXAub3JnL3dzLzIwMDUvMDUvaWRlbnRpdHkvY2xhaW1zL3NwbiI6ImFnZW5jeSIsImh0dHA6Ly9zY2hlbWFzLnhtbHNvYXAub3JnL3dzLzIwMDUvMDUvaWRlbnRpdHkvY2xhaW1zL3NpZCI6IjU2Nzg0MzQ4LTQ1YjQtNDhmMS1hMjQ1LTEyZjVkNGEwNGEwNSIsInJvbGUiOlsiZ2V0QWdlbmN5QWNjb3VudCIsImdldENhbmRpZGF0ZUFjY291bnQiLCJnZXRDb21wYW55QWNjb3VudCIsImxpc3RBZ2VuY3lBY2NvdW50cyIsImxpc3RDYW5kaWRhdGVBY2NvdW50cyIsImxpc3RDb21wYW55QWNjb3VudHMiLCJwb3N0QWdlbmN5QWNjb3VudCIsInBvc3RDYW5kaWRhdGVBY2NvdW50IiwicG9zdENvbXBhbnlBY2NvdW50Il0sIm5iZiI6MTU1NDEyODg0NSwiZXhwIjoxNTU0MTU3NjQ1LCJpYXQiOjE1NTQxMjg4NDUsImlzcyI6Imh0dHA6Ly9kZXYubGVhcm4tdmlydHVhbC5jb20iLCJhdWQiOiJHYXJkYSJ9.0ufjRkKKi3glbrOAqOEMON-MEKBA8SqfrRck0BRI1Xo",
  "grant_type": "refresh_token",
  "userId": "155f14ea-3d0a-4adc-82ce-3423fdfef5a5",
  "client_id": "56784348-45b4-48f1-a245-12f5d4a04a05",
  "client_secret": "73c18669-0282-45d8-82c5-d7a29ede9400"
}
 { SourceContext: "lug.Middleware.Request.RequestResponseLoggingMiddleware", RequestId: "0HLLMLTDJ37DH:00000001", RequestPath: "/token", CorrelationId: null, ConnectionId: "0HLLMLTDJ37DH", ThreadId: 25, Application: "CustomTemplate" } 
16:40:21:+02:00 [Information] [] : Récupération de l'application cliente "56784348-45b4-48f1-a245-12f5d4a04a05"} "completed" in 560.2 ms { OperationId: 1ae06848-7c11-4c70-91b7-667331605594, CorrelationId: "257706b6-50a5-4d11-897c-f13f333fc154", ActionId: "1c3fa89c-131b-41dd-8a57-4bf7a3da8102", ActionName: "garda.Controllers.Token.TokenController.RefreshToken (garda)", RequestId: "0HLLMLTDJ37DH:00000001", RequestPath: "/token", ConnectionId: "0HLLMLTDJ37DH", ThreadId: 25, Application: "CustomTemplate" } 
16:40:21:+02:00 [Warning] [] : Récupération de l'application consommatrice "56784348-45b4-48f1-a245-12f5d4a04a05" "abandoned" in 560.6 ms { OperationId: 8c23a31c-462d-424e-a242-2803d33cfc38, CorrelationId: "257706b6-50a5-4d11-897c-f13f333fc154", ActionId: "1c3fa89c-131b-41dd-8a57-4bf7a3da8102", ActionName: "garda.Controllers.Token.TokenController.RefreshToken (garda)", RequestId: "0HLLMLTDJ37DH:00000001", RequestPath: "/token", ConnectionId: "0HLLMLTDJ37DH", ThreadId: 25, Application: "CustomTemplate" } 
16:40:21:+02:00 [Warning] [] : Verification du token "eyJhbGciOiJIUzI1NiIsInR5cCI6IkpXVCJ9.eyJ1bmlxdWVfbmFtZSI6ImZjb2xsb25nZSIsIm5hbWVpZCI6IjE1NWYxNGVhLTNkMGEtNGFkYy04MmNlLTM0MjNmZGZlZjVhNSIsImh0dHA6Ly9zY2hlbWFzLnhtbHNvYXAub3JnL3dzLzIwMDUvMDUvaWRlbnRpdHkvY2xhaW1zL3NwbiI6ImFnZW5jeSIsImh0dHA6Ly9zY2hlbWFzLnhtbHNvYXAub3JnL3dzLzIwMDUvMDUvaWRlbnRpdHkvY2xhaW1zL3NpZCI6IjU2Nzg0MzQ4LTQ1YjQtNDhmMS1hMjQ1LTEyZjVkNGEwNGEwNSIsInJvbGUiOlsiZ2V0QWdlbmN5QWNjb3VudCIsImdldENhbmRpZGF0ZUFjY291bnQiLCJnZXRDb21wYW55QWNjb3VudCIsImxpc3RBZ2VuY3lBY2NvdW50cyIsImxpc3RDYW5kaWRhdGVBY2NvdW50cyIsImxpc3RDb21wYW55QWNjb3VudHMiLCJwb3N0QWdlbmN5QWNjb3VudCIsInBvc3RDYW5kaWRhdGVBY2NvdW50IiwicG9zdENvbXBhbnlBY2NvdW50Il0sIm5iZiI6MTU1NDEyODg0NSwiZXhwIjoxNTU0MTU3NjQ1LCJpYXQiOjE1NTQxMjg4NDUsImlzcyI6Imh0dHA6Ly9kZXYubGVhcm4tdmlydHVhbC5jb20iLCJhdWQiOiJHYXJkYSJ9.0ufjRkKKi3glbrOAqOEMON-MEKBA8SqfrRck0BRI1Xo" "abandoned" in 10.6 ms { OperationId: 45882fea-6257-40f7-9e30-762a376a47c4, CorrelationId: "257706b6-50a5-4d11-897c-f13f333fc154", ActionId: "1c3fa89c-131b-41dd-8a57-4bf7a3da8102", ActionName: "garda.Controllers.Token.TokenController.RefreshToken (garda)", RequestId: "0HLLMLTDJ37DH:00000001", RequestPath: "/token", ConnectionId: "0HLLMLTDJ37DH", ThreadId: 25, Application: "CustomTemplate" } 
16:40:21:+02:00 [Information] [] : Récupération des rôles de l'utilisateur "155f14ea-3d0a-4adc-82ce-3423fdfef5a5" "completed" in 19.7 ms { OperationId: cb88ebe5-6b3f-4cf3-9026-c2a2bd610761, CorrelationId: "257706b6-50a5-4d11-897c-f13f333fc154", ActionId: "1c3fa89c-131b-41dd-8a57-4bf7a3da8102", ActionName: "garda.Controllers.Token.TokenController.RefreshToken (garda)", RequestId: "0HLLMLTDJ37DH:00000001", RequestPath: "/token", ConnectionId: "0HLLMLTDJ37DH", ThreadId: 25, Application: "CustomTemplate" } 
16:40:21:+02:00 [Information] [] : Génération du token "completed" in 167.1 ms { OperationId: e3cb8478-40f7-4bb8-9a8c-aefee67706b6, CorrelationId: "257706b6-50a5-4d11-897c-f13f333fc154", ActionId: "1c3fa89c-131b-41dd-8a57-4bf7a3da8102", ActionName: "garda.Controllers.Token.TokenController.RefreshToken (garda)", RequestId: "0HLLMLTDJ37DH:00000001", RequestPath: "/token", ConnectionId: "0HLLMLTDJ37DH", ThreadId: 25, Application: "CustomTemplate" } 
16:40:21:+02:00 [Information] [] : Demande de rafraichissement de token "completed" in 761.7 ms { OperationId: 587eeb2b-5950-4716-bb47-740f89c91528, CorrelationId: "257706b6-50a5-4d11-897c-f13f333fc154", ActionId: "1c3fa89c-131b-41dd-8a57-4bf7a3da8102", ActionName: "garda.Controllers.Token.TokenController.RefreshToken (garda)", RequestId: "0HLLMLTDJ37DH:00000001", RequestPath: "/token", ConnectionId: "0HLLMLTDJ37DH", ThreadId: 25, Application: "CustomTemplate" } 
16:40:21:+02:00 [Information] [] : Erreur lors de l'éxécution : ServiceUnavailable Value cannot be null.
Parameter name: value    at System.Security.Claims.Claim..ctor(String type, String value, String valueType, String issuer, String originalIssuer, ClaimsIdentity subject, String propertyKey, String propertyValue)
   at System.Security.Claims.Claim..ctor(String type, String value, String valueType)
   at lug.Handler.Token.TokenHandler.CreateToken(TokenCriterias criterias)
   at lug.Handler.Token.TokenHandler.GenerateAccessToken(TokenCriterias criterias)
   at garda.Controllers.Token.TokenController.RefreshToken(TokenRequest tokenRequest) in /mnt/partage/Commun/Workspaces/Garda/Controllers/com/virtual/learn/controller/token/TokenController.cs:line 70
   at lambda_method(Closure , Object , Object[] )
   at Microsoft.Extensions.Internal.ObjectMethodExecutor.Execute(Object target, Object[] parameters)
   at Microsoft.AspNetCore.Mvc.Internal.ActionMethodExecutor.SyncActionResultExecutor.Execute(IActionResultTypeMapper mapper, ObjectMethodExecutor executor, Object controller, Object[] arguments)
   at Microsoft.AspNetCore.Mvc.Internal.ControllerActionInvoker.InvokeActionMethodAsync()
   at Microsoft.AspNetCore.Mvc.Internal.ControllerActionInvoker.InvokeNextActionFilterAsync()
   at Microsoft.AspNetCore.Mvc.Internal.ControllerActionInvoker.Rethrow(ActionExecutedContext context)
   at Microsoft.AspNetCore.Mvc.Internal.ControllerActionInvoker.Next(State& next, Scope& scope, Object& state, Boolean& isCompleted)
   at Microsoft.AspNetCore.Mvc.Internal.ControllerActionInvoker.InvokeInnerFilterAsync()
   at Microsoft.AspNetCore.Mvc.Internal.ResourceInvoker.InvokeNextExceptionFilterAsync() { SourceContext: "garda.Exception.Filter.CustomExceptionFilter", ActionId: "1c3fa89c-131b-41dd-8a57-4bf7a3da8102", ActionName: "garda.Controllers.Token.TokenController.RefreshToken (garda)", RequestId: "0HLLMLTDJ37DH:00000001", RequestPath: "/token", CorrelationId: null, ConnectionId: "0HLLMLTDJ37DH", ThreadId: 25, Application: "CustomTemplate" } 
16:40:21:+02:00 [Information] [] : Response: Value cannot be null.
Parameter name: value    at System.Security.Claims.Claim..ctor(String type, String value, String valueType, String issuer, String originalIssuer, ClaimsIdentity subject, String propertyKey, String propertyValue)
   at System.Security.Claims.Claim..ctor(String type, String value, String valueType)
   at lug.Handler.Token.TokenHandler.CreateToken(TokenCriterias criterias)
   at lug.Handler.Token.TokenHandler.GenerateAccessToken(TokenCriterias criterias)
   at garda.Controllers.Token.TokenController.RefreshToken(TokenRequest tokenRequest) in /mnt/partage/Commun/Workspaces/Garda/Controllers/com/virtual/learn/controller/token/TokenController.cs:line 70
   at lambda_method(Closure , Object , Object[] )
   at Microsoft.Extensions.Internal.ObjectMethodExecutor.Execute(Object target, Object[] parameters)
   at Microsoft.AspNetCore.Mvc.Internal.ActionMethodExecutor.SyncActionResultExecutor.Execute(IActionResultTypeMapper mapper, ObjectMethodExecutor executor, Object controller, Object[] arguments)
   at Microsoft.AspNetCore.Mvc.Internal.ControllerActionInvoker.InvokeActionMethodAsync()
   at Microsoft.AspNetCore.Mvc.Internal.ControllerActionInvoker.InvokeNextActionFilterAsync()
   at Microsoft.AspNetCore.Mvc.Internal.ControllerActionInvoker.Rethrow(ActionExecutedContext context)
   at Microsoft.AspNetCore.Mvc.Internal.ControllerActionInvoker.Next(State& next, Scope& scope, Object& state, Boolean& isCompleted)
   at Microsoft.AspNetCore.Mvc.Internal.ControllerActionInvoker.InvokeInnerFilterAsync()
   at Microsoft.AspNetCore.Mvc.Internal.ResourceInvoker.InvokeNextExceptionFilterAsync() { SourceContext: "lug.Middleware.Request.RequestResponseLoggingMiddleware", RequestId: "0HLLMLTDJ37DH:00000001", RequestPath: "/token", CorrelationId: null, ConnectionId: "0HLLMLTDJ37DH", ThreadId: 25, Application: "CustomTemplate" } 
16:40:21:+02:00 [Error] [] : HTTP "POST" "/token" responded 503 in 801.2722 ms { RequestProtocol: "HTTP/1.1", RequestHost: "localhost:5001", RequestHeaders: [("Connection": "Keep-Alive"), ("Content-Type": "application/json"), ("Accept-Encoding": "gzip,deflate"), ("Host": "localhost:5001"), ("User-Agent": "Apache-HttpClient/4.1.1 (java 1.5)"), ("Content-Length": "1033")], SourceContext: "lug.Middleware.Log.SerilogMiddleware", RequestId: "0HLLMLTDJ37DH:00000001", CorrelationId: null, ConnectionId: "0HLLMLTDJ37DH", ThreadId: 25, Application: "CustomTemplate" } 
16:40:31:+02:00 [Information] [] : https POST localhost:5001/token , Body : {
	"refresh_token": "eyJhbGciOiJIUzI1NiIsInR5cCI6IkpXVCJ9.eyJ1bmlxdWVfbmFtZSI6ImZjb2xsb25nZSIsIm5hbWVpZCI6IjE1NWYxNGVhLTNkMGEtNGFkYy04MmNlLTM0MjNmZGZlZjVhNSIsImh0dHA6Ly9zY2hlbWFzLnhtbHNvYXAub3JnL3dzLzIwMDUvMDUvaWRlbnRpdHkvY2xhaW1zL3NwbiI6ImFnZW5jeSIsImh0dHA6Ly9zY2hlbWFzLnhtbHNvYXAub3JnL3dzLzIwMDUvMDUvaWRlbnRpdHkvY2xhaW1zL3NpZCI6IjU2Nzg0MzQ4LTQ1YjQtNDhmMS1hMjQ1LTEyZjVkNGEwNGEwNSIsInJvbGUiOlsiZ2V0QWdlbmN5QWNjb3VudCIsImdldENhbmRpZGF0ZUFjY291bnQiLCJnZXRDb21wYW55QWNjb3VudCIsImxpc3RBZ2VuY3lBY2NvdW50cyIsImxpc3RDYW5kaWRhdGVBY2NvdW50cyIsImxpc3RDb21wYW55QWNjb3VudHMiLCJwb3N0QWdlbmN5QWNjb3VudCIsInBvc3RDYW5kaWRhdGVBY2NvdW50IiwicG9zdENvbXBhbnlBY2NvdW50Il0sIm5iZiI6MTU1NDEyODg0NSwiZXhwIjoxNTU0MTU3NjQ1LCJpYXQiOjE1NTQxMjg4NDUsImlzcyI6Imh0dHA6Ly9kZXYubGVhcm4tdmlydHVhbC5jb20iLCJhdWQiOiJHYXJkYSJ9.0ufjRkKKi3glbrOAqOEMON-MEKBA8SqfrRck0BRI1Xo",
  "grant_type": "refresh_token",
  "userId": "155f14ea-3d0a-4adc-82ce-3423fdfef5a5",
  "client_id": "56784348-45b4-48f1-a245-12f5d4a04a05",
  "client_secret": "73c18669-0282-45d8-82c5-d7a29ede9400"
}
 { SourceContext: "lug.Middleware.Request.RequestResponseLoggingMiddleware", RequestId: "0HLLMLTDJ37DH:00000002", RequestPath: "/token", CorrelationId: null, ConnectionId: "0HLLMLTDJ37DH", ThreadId: 25, Application: "CustomTemplate" } 
16:40:33:+02:00 [Information] [] : Récupération de l'application cliente "56784348-45b4-48f1-a245-12f5d4a04a05"} "completed" in 2.3 ms { OperationId: dfb920e8-754f-42d9-8ccf-977b37f2278e, CorrelationId: "4ceb9108-a426-4b0a-aaf4-7c51fa1d88ca", ActionId: "1c3fa89c-131b-41dd-8a57-4bf7a3da8102", ActionName: "garda.Controllers.Token.TokenController.RefreshToken (garda)", RequestId: "0HLLMLTDJ37DH:00000002", RequestPath: "/token", ConnectionId: "0HLLMLTDJ37DH", ThreadId: 25, Application: "CustomTemplate" } 
16:40:33:+02:00 [Warning] [] : Récupération de l'application consommatrice "56784348-45b4-48f1-a245-12f5d4a04a05" "abandoned" in 3.0 ms { OperationId: 90e397b0-8e63-4e34-a778-e5bfcb569656, CorrelationId: "4ceb9108-a426-4b0a-aaf4-7c51fa1d88ca", ActionId: "1c3fa89c-131b-41dd-8a57-4bf7a3da8102", ActionName: "garda.Controllers.Token.TokenController.RefreshToken (garda)", RequestId: "0HLLMLTDJ37DH:00000002", RequestPath: "/token", ConnectionId: "0HLLMLTDJ37DH", ThreadId: 25, Application: "CustomTemplate" } 
16:40:34:+02:00 [Warning] [] : Verification du token "eyJhbGciOiJIUzI1NiIsInR5cCI6IkpXVCJ9.eyJ1bmlxdWVfbmFtZSI6ImZjb2xsb25nZSIsIm5hbWVpZCI6IjE1NWYxNGVhLTNkMGEtNGFkYy04MmNlLTM0MjNmZGZlZjVhNSIsImh0dHA6Ly9zY2hlbWFzLnhtbHNvYXAub3JnL3dzLzIwMDUvMDUvaWRlbnRpdHkvY2xhaW1zL3NwbiI6ImFnZW5jeSIsImh0dHA6Ly9zY2hlbWFzLnhtbHNvYXAub3JnL3dzLzIwMDUvMDUvaWRlbnRpdHkvY2xhaW1zL3NpZCI6IjU2Nzg0MzQ4LTQ1YjQtNDhmMS1hMjQ1LTEyZjVkNGEwNGEwNSIsInJvbGUiOlsiZ2V0QWdlbmN5QWNjb3VudCIsImdldENhbmRpZGF0ZUFjY291bnQiLCJnZXRDb21wYW55QWNjb3VudCIsImxpc3RBZ2VuY3lBY2NvdW50cyIsImxpc3RDYW5kaWRhdGVBY2NvdW50cyIsImxpc3RDb21wYW55QWNjb3VudHMiLCJwb3N0QWdlbmN5QWNjb3VudCIsInBvc3RDYW5kaWRhdGVBY2NvdW50IiwicG9zdENvbXBhbnlBY2NvdW50Il0sIm5iZiI6MTU1NDEyODg0NSwiZXhwIjoxNTU0MTU3NjQ1LCJpYXQiOjE1NTQxMjg4NDUsImlzcyI6Imh0dHA6Ly9kZXYubGVhcm4tdmlydHVhbC5jb20iLCJhdWQiOiJHYXJkYSJ9.0ufjRkKKi3glbrOAqOEMON-MEKBA8SqfrRck0BRI1Xo" "abandoned" in 1.5 ms { OperationId: 42e2cf05-c498-4225-8839-3ed790dafe57, CorrelationId: "4ceb9108-a426-4b0a-aaf4-7c51fa1d88ca", ActionId: "1c3fa89c-131b-41dd-8a57-4bf7a3da8102", ActionName: "garda.Controllers.Token.TokenController.RefreshToken (garda)", RequestId: "0HLLMLTDJ37DH:00000002", RequestPath: "/token", ConnectionId: "0HLLMLTDJ37DH", ThreadId: 25, Application: "CustomTemplate" } 
16:40:35:+02:00 [Information] [] : Récupération des rôles de l'utilisateur "155f14ea-3d0a-4adc-82ce-3423fdfef5a5" "completed" in 1.6 ms { OperationId: 08e27567-441e-430e-abdd-bee978fcb0ac, CorrelationId: "4ceb9108-a426-4b0a-aaf4-7c51fa1d88ca", ActionId: "1c3fa89c-131b-41dd-8a57-4bf7a3da8102", ActionName: "garda.Controllers.Token.TokenController.RefreshToken (garda)", RequestId: "0HLLMLTDJ37DH:00000002", RequestPath: "/token", ConnectionId: "0HLLMLTDJ37DH", ThreadId: 25, Application: "CustomTemplate" } 
16:40:49:+02:00 [Information] [] : Génération du token "completed" in 3139.4 ms { OperationId: 5200c49c-6c62-4d0d-98f3-63a80edf44ef, CorrelationId: "4ceb9108-a426-4b0a-aaf4-7c51fa1d88ca", ActionId: "1c3fa89c-131b-41dd-8a57-4bf7a3da8102", ActionName: "garda.Controllers.Token.TokenController.RefreshToken (garda)", RequestId: "0HLLMLTDJ37DH:00000002", RequestPath: "/token", ConnectionId: "0HLLMLTDJ37DH", ThreadId: 25, Application: "CustomTemplate" } 
16:40:49:+02:00 [Information] [] : Demande de rafraichissement de token "completed" in 17460.6 ms { OperationId: f921be80-0d40-4690-b7bd-f668709bd2b1, CorrelationId: "4ceb9108-a426-4b0a-aaf4-7c51fa1d88ca", ActionId: "1c3fa89c-131b-41dd-8a57-4bf7a3da8102", ActionName: "garda.Controllers.Token.TokenController.RefreshToken (garda)", RequestId: "0HLLMLTDJ37DH:00000002", RequestPath: "/token", ConnectionId: "0HLLMLTDJ37DH", ThreadId: 25, Application: "CustomTemplate" } 
16:41:10:+02:00 [Information] [] : Erreur lors de l'éxécution : ServiceUnavailable Value cannot be null.
Parameter name: value    at System.Security.Claims.Claim..ctor(String type, String value, String valueType, String issuer, String originalIssuer, ClaimsIdentity subject, String propertyKey, String propertyValue)
   at System.Security.Claims.Claim..ctor(String type, String value, String valueType)
   at lug.Handler.Token.TokenHandler.CreateToken(TokenCriterias criterias)
   at lug.Handler.Token.TokenHandler.GenerateAccessToken(TokenCriterias criterias)
   at garda.Controllers.Token.TokenController.RefreshToken(TokenRequest tokenRequest) in /mnt/partage/Commun/Workspaces/Garda/Controllers/com/virtual/learn/controller/token/TokenController.cs:line 70
   at lambda_method(Closure , Object , Object[] )
   at Microsoft.Extensions.Internal.ObjectMethodExecutor.Execute(Object target, Object[] parameters)
   at Microsoft.AspNetCore.Mvc.Internal.ActionMethodExecutor.SyncActionResultExecutor.Execute(IActionResultTypeMapper mapper, ObjectMethodExecutor executor, Object controller, Object[] arguments)
   at Microsoft.AspNetCore.Mvc.Internal.ControllerActionInvoker.InvokeActionMethodAsync()
   at Microsoft.AspNetCore.Mvc.Internal.ControllerActionInvoker.InvokeNextActionFilterAsync()
   at Microsoft.AspNetCore.Mvc.Internal.ControllerActionInvoker.Rethrow(ActionExecutedContext context)
   at Microsoft.AspNetCore.Mvc.Internal.ControllerActionInvoker.Next(State& next, Scope& scope, Object& state, Boolean& isCompleted)
   at Microsoft.AspNetCore.Mvc.Internal.ControllerActionInvoker.InvokeInnerFilterAsync()
   at Microsoft.AspNetCore.Mvc.Internal.ResourceInvoker.InvokeNextExceptionFilterAsync() { SourceContext: "garda.Exception.Filter.CustomExceptionFilter", ActionId: "1c3fa89c-131b-41dd-8a57-4bf7a3da8102", ActionName: "garda.Controllers.Token.TokenController.RefreshToken (garda)", RequestId: "0HLLMLTDJ37DH:00000002", RequestPath: "/token", CorrelationId: null, ConnectionId: "0HLLMLTDJ37DH", ThreadId: 25, Application: "CustomTemplate" } 
16:41:32:+02:00 [Information] [] : Response: Value cannot be null.
Parameter name: value    at System.Security.Claims.Claim..ctor(String type, String value, String valueType, String issuer, String originalIssuer, ClaimsIdentity subject, String propertyKey, String propertyValue)
   at System.Security.Claims.Claim..ctor(String type, String value, String valueType)
   at lug.Handler.Token.TokenHandler.CreateToken(TokenCriterias criterias)
   at lug.Handler.Token.TokenHandler.GenerateAccessToken(TokenCriterias criterias)
   at garda.Controllers.Token.TokenController.RefreshToken(TokenRequest tokenRequest) in /mnt/partage/Commun/Workspaces/Garda/Controllers/com/virtual/learn/controller/token/TokenController.cs:line 70
   at lambda_method(Closure , Object , Object[] )
   at Microsoft.Extensions.Internal.ObjectMethodExecutor.Execute(Object target, Object[] parameters)
   at Microsoft.AspNetCore.Mvc.Internal.ActionMethodExecutor.SyncActionResultExecutor.Execute(IActionResultTypeMapper mapper, ObjectMethodExecutor executor, Object controller, Object[] arguments)
   at Microsoft.AspNetCore.Mvc.Internal.ControllerActionInvoker.InvokeActionMethodAsync()
   at Microsoft.AspNetCore.Mvc.Internal.ControllerActionInvoker.InvokeNextActionFilterAsync()
   at Microsoft.AspNetCore.Mvc.Internal.ControllerActionInvoker.Rethrow(ActionExecutedContext context)
   at Microsoft.AspNetCore.Mvc.Internal.ControllerActionInvoker.Next(State& next, Scope& scope, Object& state, Boolean& isCompleted)
   at Microsoft.AspNetCore.Mvc.Internal.ControllerActionInvoker.InvokeInnerFilterAsync()
   at Microsoft.AspNetCore.Mvc.Internal.ResourceInvoker.InvokeNextExceptionFilterAsync() { SourceContext: "lug.Middleware.Request.RequestResponseLoggingMiddleware", RequestId: "0HLLMLTDJ37DH:00000002", RequestPath: "/token", CorrelationId: null, ConnectionId: "0HLLMLTDJ37DH", ThreadId: 25, Application: "CustomTemplate" } 
16:41:32:+02:00 [Error] [] : HTTP "POST" "/token" responded 503 in 61185.5498 ms { RequestProtocol: "HTTP/1.1", RequestHost: "localhost:5001", RequestHeaders: [("Connection": "Keep-Alive"), ("Content-Type": "application/json"), ("Accept-Encoding": "gzip,deflate"), ("Host": "localhost:5001"), ("User-Agent": "Apache-HttpClient/4.1.1 (java 1.5)"), ("Content-Length": "1033")], SourceContext: "lug.Middleware.Log.SerilogMiddleware", RequestId: "0HLLMLTDJ37DH:00000002", CorrelationId: null, ConnectionId: "0HLLMLTDJ37DH", ThreadId: 25, Application: "CustomTemplate" } 
16:56:25:+02:00 [Information] [] : https POST localhost:5001/token , Body : {
	"refresh_token": "eyJhbGciOiJIUzI1NiIsInR5cCI6IkpXVCJ9.eyJ1bmlxdWVfbmFtZSI6ImZjb2xsb25nZSIsIm5hbWVpZCI6IjE1NWYxNGVhLTNkMGEtNGFkYy04MmNlLTM0MjNmZGZlZjVhNSIsImh0dHA6Ly9zY2hlbWFzLnhtbHNvYXAub3JnL3dzLzIwMDUvMDUvaWRlbnRpdHkvY2xhaW1zL3NwbiI6ImFnZW5jeSIsImh0dHA6Ly9zY2hlbWFzLnhtbHNvYXAub3JnL3dzLzIwMDUvMDUvaWRlbnRpdHkvY2xhaW1zL3NpZCI6IjU2Nzg0MzQ4LTQ1YjQtNDhmMS1hMjQ1LTEyZjVkNGEwNGEwNSIsInJvbGUiOlsiZ2V0QWdlbmN5QWNjb3VudCIsImdldENhbmRpZGF0ZUFjY291bnQiLCJnZXRDb21wYW55QWNjb3VudCIsImxpc3RBZ2VuY3lBY2NvdW50cyIsImxpc3RDYW5kaWRhdGVBY2NvdW50cyIsImxpc3RDb21wYW55QWNjb3VudHMiLCJwb3N0QWdlbmN5QWNjb3VudCIsInBvc3RDYW5kaWRhdGVBY2NvdW50IiwicG9zdENvbXBhbnlBY2NvdW50Il0sIm5iZiI6MTU1NDEyODg0NSwiZXhwIjoxNTU0MTU3NjQ1LCJpYXQiOjE1NTQxMjg4NDUsImlzcyI6Imh0dHA6Ly9kZXYubGVhcm4tdmlydHVhbC5jb20iLCJhdWQiOiJHYXJkYSJ9.0ufjRkKKi3glbrOAqOEMON-MEKBA8SqfrRck0BRI1Xo",
  "grant_type": "refresh_token",
  "userId": "155f14ea-3d0a-4adc-82ce-3423fdfef5a5",
  "client_id": "56784348-45b4-48f1-a245-12f5d4a04a05",
  "client_secret": "73c18669-0282-45d8-82c5-d7a29ede9400"
}
 { SourceContext: "lug.Middleware.Request.RequestResponseLoggingMiddleware", RequestId: "0HLLMLTDJ37DI:00000001", RequestPath: "/token", CorrelationId: null, ConnectionId: "0HLLMLTDJ37DI", ThreadId: 55, Application: "CustomTemplate" } 
16:56:26:+02:00 [Information] [] : Récupération de l'application cliente "56784348-45b4-48f1-a245-12f5d4a04a05"} "completed" in 23.4 ms { OperationId: 97a15ef5-8183-4f79-91e1-996ab0edae63, CorrelationId: "b4d55f81-cdd5-440f-8c9b-601e99ca7cfc", ActionId: "1c3fa89c-131b-41dd-8a57-4bf7a3da8102", ActionName: "garda.Controllers.Token.TokenController.RefreshToken (garda)", RequestId: "0HLLMLTDJ37DI:00000001", RequestPath: "/token", ConnectionId: "0HLLMLTDJ37DI", ThreadId: 55, Application: "CustomTemplate" } 
16:56:26:+02:00 [Warning] [] : Récupération de l'application consommatrice "56784348-45b4-48f1-a245-12f5d4a04a05" "abandoned" in 24.3 ms { OperationId: 94818dd5-c734-415b-aac9-08ac13f963d9, CorrelationId: "b4d55f81-cdd5-440f-8c9b-601e99ca7cfc", ActionId: "1c3fa89c-131b-41dd-8a57-4bf7a3da8102", ActionName: "garda.Controllers.Token.TokenController.RefreshToken (garda)", RequestId: "0HLLMLTDJ37DI:00000001", RequestPath: "/token", ConnectionId: "0HLLMLTDJ37DI", ThreadId: 55, Application: "CustomTemplate" } 
16:56:26:+02:00 [Warning] [] : Verification du token "eyJhbGciOiJIUzI1NiIsInR5cCI6IkpXVCJ9.eyJ1bmlxdWVfbmFtZSI6ImZjb2xsb25nZSIsIm5hbWVpZCI6IjE1NWYxNGVhLTNkMGEtNGFkYy04MmNlLTM0MjNmZGZlZjVhNSIsImh0dHA6Ly9zY2hlbWFzLnhtbHNvYXAub3JnL3dzLzIwMDUvMDUvaWRlbnRpdHkvY2xhaW1zL3NwbiI6ImFnZW5jeSIsImh0dHA6Ly9zY2hlbWFzLnhtbHNvYXAub3JnL3dzLzIwMDUvMDUvaWRlbnRpdHkvY2xhaW1zL3NpZCI6IjU2Nzg0MzQ4LTQ1YjQtNDhmMS1hMjQ1LTEyZjVkNGEwNGEwNSIsInJvbGUiOlsiZ2V0QWdlbmN5QWNjb3VudCIsImdldENhbmRpZGF0ZUFjY291bnQiLCJnZXRDb21wYW55QWNjb3VudCIsImxpc3RBZ2VuY3lBY2NvdW50cyIsImxpc3RDYW5kaWRhdGVBY2NvdW50cyIsImxpc3RDb21wYW55QWNjb3VudHMiLCJwb3N0QWdlbmN5QWNjb3VudCIsInBvc3RDYW5kaWRhdGVBY2NvdW50IiwicG9zdENvbXBhbnlBY2NvdW50Il0sIm5iZiI6MTU1NDEyODg0NSwiZXhwIjoxNTU0MTU3NjQ1LCJpYXQiOjE1NTQxMjg4NDUsImlzcyI6Imh0dHA6Ly9kZXYubGVhcm4tdmlydHVhbC5jb20iLCJhdWQiOiJHYXJkYSJ9.0ufjRkKKi3glbrOAqOEMON-MEKBA8SqfrRck0BRI1Xo" "abandoned" in 1.4 ms { OperationId: a7e7f0a9-2430-4e60-ab22-582512917751, CorrelationId: "b4d55f81-cdd5-440f-8c9b-601e99ca7cfc", ActionId: "1c3fa89c-131b-41dd-8a57-4bf7a3da8102", ActionName: "garda.Controllers.Token.TokenController.RefreshToken (garda)", RequestId: "0HLLMLTDJ37DI:00000001", RequestPath: "/token", ConnectionId: "0HLLMLTDJ37DI", ThreadId: 55, Application: "CustomTemplate" } 
16:56:26:+02:00 [Information] [] : Récupération des rôles de l'utilisateur "155f14ea-3d0a-4adc-82ce-3423fdfef5a5" "completed" in 1.7 ms { OperationId: e6460913-bcfc-4390-9437-5277841883cb, CorrelationId: "b4d55f81-cdd5-440f-8c9b-601e99ca7cfc", ActionId: "1c3fa89c-131b-41dd-8a57-4bf7a3da8102", ActionName: "garda.Controllers.Token.TokenController.RefreshToken (garda)", RequestId: "0HLLMLTDJ37DI:00000001", RequestPath: "/token", ConnectionId: "0HLLMLTDJ37DI", ThreadId: 55, Application: "CustomTemplate" } 
16:56:26:+02:00 [Information] [] : Génération du token "completed" in 133.7 ms { OperationId: 30c3ae2b-b23d-436d-bee4-3327a5a87685, CorrelationId: "b4d55f81-cdd5-440f-8c9b-601e99ca7cfc", ActionId: "1c3fa89c-131b-41dd-8a57-4bf7a3da8102", ActionName: "garda.Controllers.Token.TokenController.RefreshToken (garda)", RequestId: "0HLLMLTDJ37DI:00000001", RequestPath: "/token", ConnectionId: "0HLLMLTDJ37DI", ThreadId: 55, Application: "CustomTemplate" } 
16:56:26:+02:00 [Information] [] : Demande de rafraichissement de token "completed" in 163.6 ms { OperationId: a3f9950e-7932-450a-ad4f-e00023b488c4, CorrelationId: "b4d55f81-cdd5-440f-8c9b-601e99ca7cfc", ActionId: "1c3fa89c-131b-41dd-8a57-4bf7a3da8102", ActionName: "garda.Controllers.Token.TokenController.RefreshToken (garda)", RequestId: "0HLLMLTDJ37DI:00000001", RequestPath: "/token", ConnectionId: "0HLLMLTDJ37DI", ThreadId: 55, Application: "CustomTemplate" } 
16:56:26:+02:00 [Information] [] : Erreur lors de l'éxécution : ServiceUnavailable Value cannot be null.
Parameter name: value    at System.Security.Claims.Claim..ctor(String type, String value, String valueType, String issuer, String originalIssuer, ClaimsIdentity subject, String propertyKey, String propertyValue)
   at System.Security.Claims.Claim..ctor(String type, String value, String valueType)
   at lug.Handler.Token.TokenHandler.CreateToken(TokenCriterias criterias)
   at lug.Handler.Token.TokenHandler.GenerateAccessToken(TokenCriterias criterias)
   at garda.Controllers.Token.TokenController.RefreshToken(TokenRequest tokenRequest) in /mnt/partage/Commun/Workspaces/Garda/Controllers/com/virtual/learn/controller/token/TokenController.cs:line 70
   at lambda_method(Closure , Object , Object[] )
   at Microsoft.Extensions.Internal.ObjectMethodExecutor.Execute(Object target, Object[] parameters)
   at Microsoft.AspNetCore.Mvc.Internal.ActionMethodExecutor.SyncActionResultExecutor.Execute(IActionResultTypeMapper mapper, ObjectMethodExecutor executor, Object controller, Object[] arguments)
   at Microsoft.AspNetCore.Mvc.Internal.ControllerActionInvoker.InvokeActionMethodAsync()
   at Microsoft.AspNetCore.Mvc.Internal.ControllerActionInvoker.InvokeNextActionFilterAsync()
   at Microsoft.AspNetCore.Mvc.Internal.ControllerActionInvoker.Rethrow(ActionExecutedContext context)
   at Microsoft.AspNetCore.Mvc.Internal.ControllerActionInvoker.Next(State& next, Scope& scope, Object& state, Boolean& isCompleted)
   at Microsoft.AspNetCore.Mvc.Internal.ControllerActionInvoker.InvokeInnerFilterAsync()
   at Microsoft.AspNetCore.Mvc.Internal.ResourceInvoker.InvokeNextExceptionFilterAsync() { SourceContext: "garda.Exception.Filter.CustomExceptionFilter", ActionId: "1c3fa89c-131b-41dd-8a57-4bf7a3da8102", ActionName: "garda.Controllers.Token.TokenController.RefreshToken (garda)", RequestId: "0HLLMLTDJ37DI:00000001", RequestPath: "/token", CorrelationId: null, ConnectionId: "0HLLMLTDJ37DI", ThreadId: 55, Application: "CustomTemplate" } 
16:56:26:+02:00 [Information] [] : Response: Value cannot be null.
Parameter name: value    at System.Security.Claims.Claim..ctor(String type, String value, String valueType, String issuer, String originalIssuer, ClaimsIdentity subject, String propertyKey, String propertyValue)
   at System.Security.Claims.Claim..ctor(String type, String value, String valueType)
   at lug.Handler.Token.TokenHandler.CreateToken(TokenCriterias criterias)
   at lug.Handler.Token.TokenHandler.GenerateAccessToken(TokenCriterias criterias)
   at garda.Controllers.Token.TokenController.RefreshToken(TokenRequest tokenRequest) in /mnt/partage/Commun/Workspaces/Garda/Controllers/com/virtual/learn/controller/token/TokenController.cs:line 70
   at lambda_method(Closure , Object , Object[] )
   at Microsoft.Extensions.Internal.ObjectMethodExecutor.Execute(Object target, Object[] parameters)
   at Microsoft.AspNetCore.Mvc.Internal.ActionMethodExecutor.SyncActionResultExecutor.Execute(IActionResultTypeMapper mapper, ObjectMethodExecutor executor, Object controller, Object[] arguments)
   at Microsoft.AspNetCore.Mvc.Internal.ControllerActionInvoker.InvokeActionMethodAsync()
   at Microsoft.AspNetCore.Mvc.Internal.ControllerActionInvoker.InvokeNextActionFilterAsync()
   at Microsoft.AspNetCore.Mvc.Internal.ControllerActionInvoker.Rethrow(ActionExecutedContext context)
   at Microsoft.AspNetCore.Mvc.Internal.ControllerActionInvoker.Next(State& next, Scope& scope, Object& state, Boolean& isCompleted)
   at Microsoft.AspNetCore.Mvc.Internal.ControllerActionInvoker.InvokeInnerFilterAsync()
   at Microsoft.AspNetCore.Mvc.Internal.ResourceInvoker.InvokeNextExceptionFilterAsync() { SourceContext: "lug.Middleware.Request.RequestResponseLoggingMiddleware", RequestId: "0HLLMLTDJ37DI:00000001", RequestPath: "/token", CorrelationId: null, ConnectionId: "0HLLMLTDJ37DI", ThreadId: 55, Application: "CustomTemplate" } 
16:56:26:+02:00 [Error] [] : HTTP "POST" "/token" responded 503 in 189.6632 ms { RequestProtocol: "HTTP/1.1", RequestHost: "localhost:5001", RequestHeaders: [("Connection": "Keep-Alive"), ("Content-Type": "application/json"), ("Accept-Encoding": "gzip,deflate"), ("Host": "localhost:5001"), ("User-Agent": "Apache-HttpClient/4.1.1 (java 1.5)"), ("Content-Length": "1033")], SourceContext: "lug.Middleware.Log.SerilogMiddleware", RequestId: "0HLLMLTDJ37DI:00000001", CorrelationId: null, ConnectionId: "0HLLMLTDJ37DI", ThreadId: 55, Application: "CustomTemplate" } 
16:56:57:+02:00 [Information] [] : https POST localhost:5001/token , Body : {
	"refresh_token": "eyJhbGciOiJIUzI1NiIsInR5cCI6IkpXVCJ9.eyJ1bmlxdWVfbmFtZSI6ImZjb2xsb25nZSIsIm5hbWVpZCI6IjE1NWYxNGVhLTNkMGEtNGFkYy04MmNlLTM0MjNmZGZlZjVhNSIsImh0dHA6Ly9zY2hlbWFzLnhtbHNvYXAub3JnL3dzLzIwMDUvMDUvaWRlbnRpdHkvY2xhaW1zL3NwbiI6ImFnZW5jeSIsImh0dHA6Ly9zY2hlbWFzLnhtbHNvYXAub3JnL3dzLzIwMDUvMDUvaWRlbnRpdHkvY2xhaW1zL3NpZCI6IjU2Nzg0MzQ4LTQ1YjQtNDhmMS1hMjQ1LTEyZjVkNGEwNGEwNSIsInJvbGUiOlsiZ2V0QWdlbmN5QWNjb3VudCIsImdldENhbmRpZGF0ZUFjY291bnQiLCJnZXRDb21wYW55QWNjb3VudCIsImxpc3RBZ2VuY3lBY2NvdW50cyIsImxpc3RDYW5kaWRhdGVBY2NvdW50cyIsImxpc3RDb21wYW55QWNjb3VudHMiLCJwb3N0QWdlbmN5QWNjb3VudCIsInBvc3RDYW5kaWRhdGVBY2NvdW50IiwicG9zdENvbXBhbnlBY2NvdW50Il0sIm5iZiI6MTU1NDEyODg0NSwiZXhwIjoxNTU0MTU3NjQ1LCJpYXQiOjE1NTQxMjg4NDUsImlzcyI6Imh0dHA6Ly9kZXYubGVhcm4tdmlydHVhbC5jb20iLCJhdWQiOiJHYXJkYSJ9.0ufjRkKKi3glbrOAqOEMON-MEKBA8SqfrRck0BRI1Xo",
  "access_token": "eyJhbGciOiJIUzI1NiIsInR5cCI6IkpXVCJ9.eyJ1bmlxdWVfbmFtZSI6ImZjb2xsb25nZSIsIm5hbWVpZCI6IjE1NWYxNGVhLTNkMGEtNGFkYy04MmNlLTM0MjNmZGZlZjVhNSIsImh0dHA6Ly9zY2hlbWFzLnhtbHNvYXAub3JnL3dzLzIwMDUvMDUvaWRlbnRpdHkvY2xhaW1zL3NwbiI6ImFnZW5jeSIsImh0dHA6Ly9zY2hlbWFzLnhtbHNvYXAub3JnL3dzLzIwMDUvMDUvaWRlbnRpdHkvY2xhaW1zL3NpZCI6IjU2Nzg0MzQ4LTQ1YjQtNDhmMS1hMjQ1LTEyZjVkNGEwNGEwNSIsInJvbGUiOlsiZ2V0QWdlbmN5QWNjb3VudCIsImdldENhbmRpZGF0ZUFjY291bnQiLCJnZXRDb21wYW55QWNjb3VudCIsImxpc3RBZ2VuY3lBY2NvdW50cyIsImxpc3RDYW5kaWRhdGVBY2NvdW50cyIsImxpc3RDb21wYW55QWNjb3VudHMiLCJwb3N0QWdlbmN5QWNjb3VudCIsInBvc3RDYW5kaWRhdGVBY2NvdW50IiwicG9zdENvbXBhbnlBY2NvdW50Il0sIm5iZiI6MTU1NDEzMDU5MywiZXhwIjoxNTU0MTMwNzEzLCJpYXQiOjE1NTQxMzA1OTMsImlzcyI6Imh0dHA6Ly9kZXYubGVhcm4tdmlydHVhbC5jb20iLCJhdWQiOiJHYXJkYSJ9.7IGBAOdjsV_akYBnpoejSytj4AEN5GN3zB86Wqb7gHg"
  "grant_type": "refresh_token",
  "userId": "155f14ea-3d0a-4adc-82ce-3423fdfef5a5",
  "client_id": "56784348-45b4-48f1-a245-12f5d4a04a05",
  "client_secret": "73c18669-0282-45d8-82c5-d7a29ede9400"
}
 { SourceContext: "lug.Middleware.Request.RequestResponseLoggingMiddleware", RequestId: "0HLLMLTDJ37DI:00000002", RequestPath: "/token", CorrelationId: null, ConnectionId: "0HLLMLTDJ37DI", ThreadId: 56, Application: "CustomTemplate" } 
16:56:57:+02:00 [Information] [] : Response: {"errors":{"access_token":["After parsing a value an unexpected character was encountered: \". Path 'access_token', line 4, position 2."]},"title":"One or more validation errors occurred.","status":400,"traceId":"0HLLMLTDJ37DI:00000002"} { SourceContext: "lug.Middleware.Request.RequestResponseLoggingMiddleware", RequestId: "0HLLMLTDJ37DI:00000002", RequestPath: "/token", CorrelationId: null, ConnectionId: "0HLLMLTDJ37DI", ThreadId: 56, Application: "CustomTemplate" } 
16:56:57:+02:00 [Information] [] : HTTP "POST" "/token" responded 400 in 93.3001 ms { SourceContext: "lug.Middleware.Log.SerilogMiddleware", RequestId: "0HLLMLTDJ37DI:00000002", CorrelationId: null, ConnectionId: "0HLLMLTDJ37DI", ThreadId: 56, Application: "CustomTemplate" } 
16:57:37:+02:00 [Information] [] : Getting the motors running... { ThreadId: 1, Application: "CustomTemplate" } 
16:57:38:+02:00 [Information] [] : https GET localhost:5001/  { SourceContext: "lug.Middleware.Request.RequestResponseLoggingMiddleware", RequestId: "0HLLMM9H1TMRB:00000001", RequestPath: "/", CorrelationId: null, ConnectionId: "0HLLMM9H1TMRB", ThreadId: 10, Application: "CustomTemplate" } 
16:57:38:+02:00 [Information] [] : Response:  { SourceContext: "lug.Middleware.Request.RequestResponseLoggingMiddleware", RequestId: "0HLLMM9H1TMRB:00000001", RequestPath: "/", CorrelationId: null, ConnectionId: "0HLLMM9H1TMRB", ThreadId: 10, Application: "CustomTemplate" } 
16:57:38:+02:00 [Information] [] : HTTP "GET" "/" responded 404 in 34.0234 ms { SourceContext: "lug.Middleware.Log.SerilogMiddleware", RequestId: "0HLLMM9H1TMRB:00000001", CorrelationId: null, ConnectionId: "0HLLMM9H1TMRB", ThreadId: 10, Application: "CustomTemplate" } 
16:57:38:+02:00 [Information] [] : https GET localhost:5001/favicon.ico  { SourceContext: "lug.Middleware.Request.RequestResponseLoggingMiddleware", RequestId: "0HLLMM9H1TMRB:00000002", RequestPath: "/favicon.ico", CorrelationId: null, ConnectionId: "0HLLMM9H1TMRB", ThreadId: 10, Application: "CustomTemplate" } 
16:57:38:+02:00 [Information] [] : Response:  { SourceContext: "lug.Middleware.Request.RequestResponseLoggingMiddleware", RequestId: "0HLLMM9H1TMRB:00000002", RequestPath: "/favicon.ico", CorrelationId: null, ConnectionId: "0HLLMM9H1TMRB", ThreadId: 10, Application: "CustomTemplate" } 
16:57:38:+02:00 [Information] [] : HTTP "GET" "/favicon.ico" responded 404 in 3.3265 ms { SourceContext: "lug.Middleware.Log.SerilogMiddleware", RequestId: "0HLLMM9H1TMRB:00000002", CorrelationId: null, ConnectionId: "0HLLMM9H1TMRB", ThreadId: 10, Application: "CustomTemplate" } 
16:58:38:+02:00 [Information] [] : https POST localhost:5001/token , Body : {
	"refresh_token": "eyJhbGciOiJIUzI1NiIsInR5cCI6IkpXVCJ9.eyJ1bmlxdWVfbmFtZSI6ImZjb2xsb25nZSIsIm5hbWVpZCI6IjE1NWYxNGVhLTNkMGEtNGFkYy04MmNlLTM0MjNmZGZlZjVhNSIsImh0dHA6Ly9zY2hlbWFzLnhtbHNvYXAub3JnL3dzLzIwMDUvMDUvaWRlbnRpdHkvY2xhaW1zL3NwbiI6ImFnZW5jeSIsImh0dHA6Ly9zY2hlbWFzLnhtbHNvYXAub3JnL3dzLzIwMDUvMDUvaWRlbnRpdHkvY2xhaW1zL3NpZCI6IjU2Nzg0MzQ4LTQ1YjQtNDhmMS1hMjQ1LTEyZjVkNGEwNGEwNSIsInJvbGUiOlsiZ2V0QWdlbmN5QWNjb3VudCIsImdldENhbmRpZGF0ZUFjY291bnQiLCJnZXRDb21wYW55QWNjb3VudCIsImxpc3RBZ2VuY3lBY2NvdW50cyIsImxpc3RDYW5kaWRhdGVBY2NvdW50cyIsImxpc3RDb21wYW55QWNjb3VudHMiLCJwb3N0QWdlbmN5QWNjb3VudCIsInBvc3RDYW5kaWRhdGVBY2NvdW50IiwicG9zdENvbXBhbnlBY2NvdW50Il0sIm5iZiI6MTU1NDEyODg0NSwiZXhwIjoxNTU0MTU3NjQ1LCJpYXQiOjE1NTQxMjg4NDUsImlzcyI6Imh0dHA6Ly9kZXYubGVhcm4tdmlydHVhbC5jb20iLCJhdWQiOiJHYXJkYSJ9.0ufjRkKKi3glbrOAqOEMON-MEKBA8SqfrRck0BRI1Xo",
  "access_token": "eyJhbGciOiJIUzI1NiIsInR5cCI6IkpXVCJ9.eyJ1bmlxdWVfbmFtZSI6ImZjb2xsb25nZSIsIm5hbWVpZCI6IjE1NWYxNGVhLTNkMGEtNGFkYy04MmNlLTM0MjNmZGZlZjVhNSIsImh0dHA6Ly9zY2hlbWFzLnhtbHNvYXAub3JnL3dzLzIwMDUvMDUvaWRlbnRpdHkvY2xhaW1zL3NwbiI6ImFnZW5jeSIsImh0dHA6Ly9zY2hlbWFzLnhtbHNvYXAub3JnL3dzLzIwMDUvMDUvaWRlbnRpdHkvY2xhaW1zL3NpZCI6IjU2Nzg0MzQ4LTQ1YjQtNDhmMS1hMjQ1LTEyZjVkNGEwNGEwNSIsInJvbGUiOlsiZ2V0QWdlbmN5QWNjb3VudCIsImdldENhbmRpZGF0ZUFjY291bnQiLCJnZXRDb21wYW55QWNjb3VudCIsImxpc3RBZ2VuY3lBY2NvdW50cyIsImxpc3RDYW5kaWRhdGVBY2NvdW50cyIsImxpc3RDb21wYW55QWNjb3VudHMiLCJwb3N0QWdlbmN5QWNjb3VudCIsInBvc3RDYW5kaWRhdGVBY2NvdW50IiwicG9zdENvbXBhbnlBY2NvdW50Il0sIm5iZiI6MTU1NDEzMDU5MywiZXhwIjoxNTU0MTMwNzEzLCJpYXQiOjE1NTQxMzA1OTMsImlzcyI6Imh0dHA6Ly9kZXYubGVhcm4tdmlydHVhbC5jb20iLCJhdWQiOiJHYXJkYSJ9.7IGBAOdjsV_akYBnpoejSytj4AEN5GN3zB86Wqb7gHg"
  "grant_type": "refresh_token",
  "userId": "155f14ea-3d0a-4adc-82ce-3423fdfef5a5",
  "client_id": "56784348-45b4-48f1-a245-12f5d4a04a05",
  "client_secret": "73c18669-0282-45d8-82c5-d7a29ede9400"
}
 { SourceContext: "lug.Middleware.Request.RequestResponseLoggingMiddleware", RequestId: "0HLLMM9H1TMRC:00000001", RequestPath: "/token", CorrelationId: null, ConnectionId: "0HLLMM9H1TMRC", ThreadId: 17, Application: "CustomTemplate" } 
16:58:38:+02:00 [Information] [] : Response: {"errors":{"access_token":["After parsing a value an unexpected character was encountered: \". Path 'access_token', line 4, position 2."]},"title":"One or more validation errors occurred.","status":400,"traceId":"0HLLMM9H1TMRC:00000001"} { SourceContext: "lug.Middleware.Request.RequestResponseLoggingMiddleware", RequestId: "0HLLMM9H1TMRC:00000001", RequestPath: "/token", CorrelationId: null, ConnectionId: "0HLLMM9H1TMRC", ThreadId: 17, Application: "CustomTemplate" } 
16:58:38:+02:00 [Information] [] : HTTP "POST" "/token" responded 400 in 390.1088 ms { SourceContext: "lug.Middleware.Log.SerilogMiddleware", RequestId: "0HLLMM9H1TMRC:00000001", CorrelationId: null, ConnectionId: "0HLLMM9H1TMRC", ThreadId: 17, Application: "CustomTemplate" } 
17:00:02:+02:00 [Information] [] : https POST localhost:5001/token , Body : {
	"refresh_token": "eyJhbGciOiJIUzI1NiIsInR5cCI6IkpXVCJ9.eyJ1bmlxdWVfbmFtZSI6ImZjb2xsb25nZSIsIm5hbWVpZCI6IjE1NWYxNGVhLTNkMGEtNGFkYy04MmNlLTM0MjNmZGZlZjVhNSIsImh0dHA6Ly9zY2hlbWFzLnhtbHNvYXAub3JnL3dzLzIwMDUvMDUvaWRlbnRpdHkvY2xhaW1zL3NwbiI6ImFnZW5jeSIsImh0dHA6Ly9zY2hlbWFzLnhtbHNvYXAub3JnL3dzLzIwMDUvMDUvaWRlbnRpdHkvY2xhaW1zL3NpZCI6IjU2Nzg0MzQ4LTQ1YjQtNDhmMS1hMjQ1LTEyZjVkNGEwNGEwNSIsInJvbGUiOlsiZ2V0QWdlbmN5QWNjb3VudCIsImdldENhbmRpZGF0ZUFjY291bnQiLCJnZXRDb21wYW55QWNjb3VudCIsImxpc3RBZ2VuY3lBY2NvdW50cyIsImxpc3RDYW5kaWRhdGVBY2NvdW50cyIsImxpc3RDb21wYW55QWNjb3VudHMiLCJwb3N0QWdlbmN5QWNjb3VudCIsInBvc3RDYW5kaWRhdGVBY2NvdW50IiwicG9zdENvbXBhbnlBY2NvdW50Il0sIm5iZiI6MTU1NDEyODg0NSwiZXhwIjoxNTU0MTU3NjQ1LCJpYXQiOjE1NTQxMjg4NDUsImlzcyI6Imh0dHA6Ly9kZXYubGVhcm4tdmlydHVhbC5jb20iLCJhdWQiOiJHYXJkYSJ9.0ufjRkKKi3glbrOAqOEMON-MEKBA8SqfrRck0BRI1Xo",
  "access_token": "eyJhbGciOiJIUzI1NiIsInR5cCI6IkpXVCJ9.eyJ1bmlxdWVfbmFtZSI6ImZjb2xsb25nZSIsIm5hbWVpZCI6IjE1NWYxNGVhLTNkMGEtNGFkYy04MmNlLTM0MjNmZGZlZjVhNSIsImh0dHA6Ly9zY2hlbWFzLnhtbHNvYXAub3JnL3dzLzIwMDUvMDUvaWRlbnRpdHkvY2xhaW1zL3NwbiI6ImFnZW5jeSIsImh0dHA6Ly9zY2hlbWFzLnhtbHNvYXAub3JnL3dzLzIwMDUvMDUvaWRlbnRpdHkvY2xhaW1zL3NpZCI6IjU2Nzg0MzQ4LTQ1YjQtNDhmMS1hMjQ1LTEyZjVkNGEwNGEwNSIsInJvbGUiOlsiZ2V0QWdlbmN5QWNjb3VudCIsImdldENhbmRpZGF0ZUFjY291bnQiLCJnZXRDb21wYW55QWNjb3VudCIsImxpc3RBZ2VuY3lBY2NvdW50cyIsImxpc3RDYW5kaWRhdGVBY2NvdW50cyIsImxpc3RDb21wYW55QWNjb3VudHMiLCJwb3N0QWdlbmN5QWNjb3VudCIsInBvc3RDYW5kaWRhdGVBY2NvdW50IiwicG9zdENvbXBhbnlBY2NvdW50Il0sIm5iZiI6MTU1NDEzMDU5MywiZXhwIjoxNTU0MTMwNzEzLCJpYXQiOjE1NTQxMzA1OTMsImlzcyI6Imh0dHA6Ly9kZXYubGVhcm4tdmlydHVhbC5jb20iLCJhdWQiOiJHYXJkYSJ9.7IGBAOdjsV_akYBnpoejSytj4AEN5GN3zB86Wqb7gHg",
  "grant_type": "refresh_token",
  "userId": "155f14ea-3d0a-4adc-82ce-3423fdfef5a5",
  "client_id": "56784348-45b4-48f1-a245-12f5d4a04a05",
  "client_secret": "73c18669-0282-45d8-82c5-d7a29ede9400"
}
 { SourceContext: "lug.Middleware.Request.RequestResponseLoggingMiddleware", RequestId: "0HLLMM9H1TMRD:00000001", RequestPath: "/token", CorrelationId: null, ConnectionId: "0HLLMM9H1TMRD", ThreadId: 27, Application: "CustomTemplate" } 
17:00:07:+02:00 [Information] [] : Récupération de l'application cliente "56784348-45b4-48f1-a245-12f5d4a04a05"} "completed" in 818.3 ms { OperationId: 21f1ea3a-3b67-490d-ad74-56e72fcc3af3, CorrelationId: "d142e3b0-b58f-4dbd-9543-4325bc508ee2", ActionId: "35cb5547-51f7-48e1-90fc-29447808adfe", ActionName: "garda.Controllers.Token.TokenController.RefreshToken (garda)", RequestId: "0HLLMM9H1TMRD:00000001", RequestPath: "/token", ConnectionId: "0HLLMM9H1TMRD", ThreadId: 27, Application: "CustomTemplate" } 
17:00:07:+02:00 [Warning] [] : Récupération de l'application consommatrice "56784348-45b4-48f1-a245-12f5d4a04a05" "abandoned" in 832.3 ms { OperationId: bd40609e-1b1f-4430-9e81-7cc6104c8dc0, CorrelationId: "d142e3b0-b58f-4dbd-9543-4325bc508ee2", ActionId: "35cb5547-51f7-48e1-90fc-29447808adfe", ActionName: "garda.Controllers.Token.TokenController.RefreshToken (garda)", RequestId: "0HLLMM9H1TMRD:00000001", RequestPath: "/token", ConnectionId: "0HLLMM9H1TMRD", ThreadId: 27, Application: "CustomTemplate" } 
17:00:07:+02:00 [Warning] [] : Verification du token "eyJhbGciOiJIUzI1NiIsInR5cCI6IkpXVCJ9.eyJ1bmlxdWVfbmFtZSI6ImZjb2xsb25nZSIsIm5hbWVpZCI6IjE1NWYxNGVhLTNkMGEtNGFkYy04MmNlLTM0MjNmZGZlZjVhNSIsImh0dHA6Ly9zY2hlbWFzLnhtbHNvYXAub3JnL3dzLzIwMDUvMDUvaWRlbnRpdHkvY2xhaW1zL3NwbiI6ImFnZW5jeSIsImh0dHA6Ly9zY2hlbWFzLnhtbHNvYXAub3JnL3dzLzIwMDUvMDUvaWRlbnRpdHkvY2xhaW1zL3NpZCI6IjU2Nzg0MzQ4LTQ1YjQtNDhmMS1hMjQ1LTEyZjVkNGEwNGEwNSIsInJvbGUiOlsiZ2V0QWdlbmN5QWNjb3VudCIsImdldENhbmRpZGF0ZUFjY291bnQiLCJnZXRDb21wYW55QWNjb3VudCIsImxpc3RBZ2VuY3lBY2NvdW50cyIsImxpc3RDYW5kaWRhdGVBY2NvdW50cyIsImxpc3RDb21wYW55QWNjb3VudHMiLCJwb3N0QWdlbmN5QWNjb3VudCIsInBvc3RDYW5kaWRhdGVBY2NvdW50IiwicG9zdENvbXBhbnlBY2NvdW50Il0sIm5iZiI6MTU1NDEyODg0NSwiZXhwIjoxNTU0MTU3NjQ1LCJpYXQiOjE1NTQxMjg4NDUsImlzcyI6Imh0dHA6Ly9kZXYubGVhcm4tdmlydHVhbC5jb20iLCJhdWQiOiJHYXJkYSJ9.0ufjRkKKi3glbrOAqOEMON-MEKBA8SqfrRck0BRI1Xo" "abandoned" in 26.4 ms { OperationId: e3585ec2-3c05-42c2-b0c8-65d503e4c673, CorrelationId: "d142e3b0-b58f-4dbd-9543-4325bc508ee2", ActionId: "35cb5547-51f7-48e1-90fc-29447808adfe", ActionName: "garda.Controllers.Token.TokenController.RefreshToken (garda)", RequestId: "0HLLMM9H1TMRD:00000001", RequestPath: "/token", ConnectionId: "0HLLMM9H1TMRD", ThreadId: 27, Application: "CustomTemplate" } 
17:00:07:+02:00 [Information] [] : Récupération des rôles de l'utilisateur "155f14ea-3d0a-4adc-82ce-3423fdfef5a5" "completed" in 27.1 ms { OperationId: 83c2e001-4a27-46d3-9419-189d5e3b2a6c, CorrelationId: "d142e3b0-b58f-4dbd-9543-4325bc508ee2", ActionId: "35cb5547-51f7-48e1-90fc-29447808adfe", ActionName: "garda.Controllers.Token.TokenController.RefreshToken (garda)", RequestId: "0HLLMM9H1TMRD:00000001", RequestPath: "/token", ConnectionId: "0HLLMM9H1TMRD", ThreadId: 27, Application: "CustomTemplate" } 
17:00:08:+02:00 [Information] [] : Génération du token "completed" in 59.8 ms { OperationId: abf37be4-3585-4718-99df-edb8ffd59826, CorrelationId: "d142e3b0-b58f-4dbd-9543-4325bc508ee2", ActionId: "35cb5547-51f7-48e1-90fc-29447808adfe", ActionName: "garda.Controllers.Token.TokenController.RefreshToken (garda)", RequestId: "0HLLMM9H1TMRD:00000001", RequestPath: "/token", ConnectionId: "0HLLMM9H1TMRD", ThreadId: 27, Application: "CustomTemplate" } 
17:00:08:+02:00 [Information] [] : Demande de rafraichissement de token "completed" in 5435.1 ms { OperationId: d1a2bf2f-5d5f-4646-81d5-b74143bf1e27, CorrelationId: "d142e3b0-b58f-4dbd-9543-4325bc508ee2", ActionId: "35cb5547-51f7-48e1-90fc-29447808adfe", ActionName: "garda.Controllers.Token.TokenController.RefreshToken (garda)", RequestId: "0HLLMM9H1TMRD:00000001", RequestPath: "/token", ConnectionId: "0HLLMM9H1TMRD", ThreadId: 27, Application: "CustomTemplate" } 
17:00:08:+02:00 [Information] [] : Response: {"access_token":"eyJhbGciOiJIUzI1NiIsInR5cCI6IkpXVCJ9.eyJ1bmlxdWVfbmFtZSI6IjE1NWYxNGVhLTNkMGEtNGFkYy04MmNlLTM0MjNmZGZlZjVhNSIsIm5hbWVpZCI6IjE1NWYxNGVhLTNkMGEtNGFkYy04MmNlLTM0MjNmZGZlZjVhNSIsImh0dHA6Ly9zY2hlbWFzLnhtbHNvYXAub3JnL3dzLzIwMDUvMDUvaWRlbnRpdHkvY2xhaW1zL3NwbiI6ImFnZW5jeSIsImh0dHA6Ly9zY2hlbWFzLnhtbHNvYXAub3JnL3dzLzIwMDUvMDUvaWRlbnRpdHkvY2xhaW1zL3NpZCI6IjU2Nzg0MzQ4LTQ1YjQtNDhmMS1hMjQ1LTEyZjVkNGEwNGEwNSIsIm5iZiI6MTU1NDEzMDgwOCwiZXhwIjoxNTU0MTMwOTI4LCJpYXQiOjE1NTQxMzA4MDgsImlzcyI6Imh0dHA6Ly9kZXYubGVhcm4tdmlydHVhbC5jb20iLCJhdWQiOiJHYXJkYSJ9.ungRMWb8gSASqb6bz7qKmNHeR-I0P0v2tTLUuvAHrqo","token_type":"Bearer"} { SourceContext: "lug.Middleware.Request.RequestResponseLoggingMiddleware", RequestId: "0HLLMM9H1TMRD:00000001", RequestPath: "/token", CorrelationId: null, ConnectionId: "0HLLMM9H1TMRD", ThreadId: 27, Application: "CustomTemplate" } 
17:00:08:+02:00 [Information] [] : HTTP "POST" "/token" responded 200 in 5490.7410 ms { SourceContext: "lug.Middleware.Log.SerilogMiddleware", RequestId: "0HLLMM9H1TMRD:00000001", CorrelationId: null, ConnectionId: "0HLLMM9H1TMRD", ThreadId: 27, Application: "CustomTemplate" } 
